mode: set
github.com/AlexBlackNn/metrics/app/agent/app.go:26.15,33.2 2 0
github.com/AlexBlackNn/metrics/app/agent/restagentsender/v3/sender.go:26.11,32.2 1 0
github.com/AlexBlackNn/metrics/app/agent/restagentsender/v3/sender.go:34.44,41.6 4 0
github.com/AlexBlackNn/metrics/app/agent/restagentsender/v3/sender.go:41.6,42.10 1 0
github.com/AlexBlackNn/metrics/app/agent/restagentsender/v3/sender.go:43.21,44.10 1 0
github.com/AlexBlackNn/metrics/app/agent/restagentsender/v3/sender.go:45.37,50.47 3 0
github.com/AlexBlackNn/metrics/app/agent/restagentsender/v3/sender.go:50.47,51.64 1 0
github.com/AlexBlackNn/metrics/app/agent/restagentsender/v3/sender.go:51.64,57.6 1 0
github.com/AlexBlackNn/metrics/app/agent/restagentsender/v3/sender.go:57.11,63.6 1 0
github.com/AlexBlackNn/metrics/app/agent/restagentsender/v3/sender.go:66.4,69.18 3 0
github.com/AlexBlackNn/metrics/app/agent/restagentsender/v3/sender.go:69.18,72.5 2 0
github.com/AlexBlackNn/metrics/app/agent/restagentsender/v3/sender.go:74.4,86.18 6 0
github.com/AlexBlackNn/metrics/app/agent/restagentsender/v3/sender.go:86.18,89.5 2 0
github.com/AlexBlackNn/metrics/app/agent/restagentsender/v3/sender.go:90.4,94.5 1 0
github.com/AlexBlackNn/metrics/app/agent/restagentsender/v2/sender.go:27.11,33.2 1 0
github.com/AlexBlackNn/metrics/app/agent/restagentsender/v2/sender.go:35.44,43.6 4 0
github.com/AlexBlackNn/metrics/app/agent/restagentsender/v2/sender.go:43.6,44.10 1 0
github.com/AlexBlackNn/metrics/app/agent/restagentsender/v2/sender.go:45.21,46.10 1 0
github.com/AlexBlackNn/metrics/app/agent/restagentsender/v2/sender.go:47.37,48.47 1 0
github.com/AlexBlackNn/metrics/app/agent/restagentsender/v2/sender.go:48.47,50.19 2 0
github.com/AlexBlackNn/metrics/app/agent/restagentsender/v2/sender.go:50.19,53.6 2 0
github.com/AlexBlackNn/metrics/app/agent/restagentsender/v2/sender.go:54.5,54.51 1 0
github.com/AlexBlackNn/metrics/app/agent/restagentsender/v2/sender.go:54.51,62.65 4 0
github.com/AlexBlackNn/metrics/app/agent/restagentsender/v2/sender.go:62.65,68.7 1 0
github.com/AlexBlackNn/metrics/app/agent/restagentsender/v2/sender.go:68.12,74.7 1 0
github.com/AlexBlackNn/metrics/app/agent/restagentsender/v2/sender.go:76.6,87.20 6 0
github.com/AlexBlackNn/metrics/app/agent/restagentsender/v2/sender.go:87.20,90.7 2 0
github.com/AlexBlackNn/metrics/app/agent/restagentsender/v2/sender.go:91.6,95.7 1 0
github.com/AlexBlackNn/metrics/app/agent/restagentsender/v1/sender.go:24.11,30.2 1 0
github.com/AlexBlackNn/metrics/app/agent/restagentsender/v1/sender.go:32.44,39.69 2 0
github.com/AlexBlackNn/metrics/app/agent/restagentsender/v1/sender.go:39.69,41.4 1 0
github.com/AlexBlackNn/metrics/app/agent/restagentsender/v1/sender.go:42.2,43.6 2 0
github.com/AlexBlackNn/metrics/app/agent/restagentsender/v1/sender.go:43.6,44.10 1 0
github.com/AlexBlackNn/metrics/app/agent/restagentsender/v1/sender.go:45.21,46.10 1 0
github.com/AlexBlackNn/metrics/app/agent/restagentsender/v1/sender.go:47.11,48.47 1 0
github.com/AlexBlackNn/metrics/app/agent/restagentsender/v1/sender.go:48.47,49.51 1 0
github.com/AlexBlackNn/metrics/app/agent/restagentsender/v1/sender.go:49.51,58.20 5 0
github.com/AlexBlackNn/metrics/app/agent/restagentsender/v1/sender.go:58.20,61.7 2 0
github.com/AlexBlackNn/metrics/app/agent/restagentsender/v1/sender.go:65.6,68.20 2 0
github.com/AlexBlackNn/metrics/app/agent/restagentsender/v1/sender.go:68.20,71.7 2 0
github.com/AlexBlackNn/metrics/app/agent/restagentsender/v1/sender.go:72.6,73.27 2 0
github.com/AlexBlackNn/metrics/app/agent/restagentsender/v1/sender.go:77.4,77.32 1 0
github.com/AlexBlackNn/metrics/app/agent/app.go:26.15,33.2 2 0
github.com/AlexBlackNn/metrics/app/agent/hash/hash.go:16.47,20.2 1 1
github.com/AlexBlackNn/metrics/app/agent/hash/hash.go:22.54,28.2 5 1
github.com/AlexBlackNn/metrics/app/agent/restagentsender/v1/sender.go:24.11,30.2 1 0
github.com/AlexBlackNn/metrics/app/agent/restagentsender/v1/sender.go:32.44,39.69 2 0
github.com/AlexBlackNn/metrics/app/agent/restagentsender/v1/sender.go:39.69,41.4 1 0
github.com/AlexBlackNn/metrics/app/agent/restagentsender/v1/sender.go:42.2,43.6 2 0
github.com/AlexBlackNn/metrics/app/agent/restagentsender/v1/sender.go:43.6,44.10 1 0
github.com/AlexBlackNn/metrics/app/agent/restagentsender/v1/sender.go:45.21,46.10 1 0
github.com/AlexBlackNn/metrics/app/agent/restagentsender/v1/sender.go:47.11,48.47 1 0
github.com/AlexBlackNn/metrics/app/agent/restagentsender/v1/sender.go:48.47,49.51 1 0
github.com/AlexBlackNn/metrics/app/agent/restagentsender/v1/sender.go:49.51,58.20 5 0
github.com/AlexBlackNn/metrics/app/agent/restagentsender/v1/sender.go:58.20,61.7 2 0
github.com/AlexBlackNn/metrics/app/agent/restagentsender/v1/sender.go:65.6,68.20 2 0
github.com/AlexBlackNn/metrics/app/agent/restagentsender/v1/sender.go:68.20,71.7 2 0
github.com/AlexBlackNn/metrics/app/agent/restagentsender/v1/sender.go:72.6,73.27 2 0
github.com/AlexBlackNn/metrics/app/agent/restagentsender/v1/sender.go:77.4,77.32 1 0
github.com/AlexBlackNn/metrics/app/agent/restagentsender/v2/sender.go:27.11,33.2 1 0
github.com/AlexBlackNn/metrics/app/agent/restagentsender/v2/sender.go:35.44,43.6 4 0
github.com/AlexBlackNn/metrics/app/agent/restagentsender/v2/sender.go:43.6,44.10 1 0
github.com/AlexBlackNn/metrics/app/agent/restagentsender/v2/sender.go:45.21,46.10 1 0
github.com/AlexBlackNn/metrics/app/agent/restagentsender/v2/sender.go:47.37,48.47 1 0
github.com/AlexBlackNn/metrics/app/agent/restagentsender/v2/sender.go:48.47,50.19 2 0
github.com/AlexBlackNn/metrics/app/agent/restagentsender/v2/sender.go:50.19,53.6 2 0
github.com/AlexBlackNn/metrics/app/agent/restagentsender/v2/sender.go:54.5,54.51 1 0
github.com/AlexBlackNn/metrics/app/agent/restagentsender/v2/sender.go:54.51,62.65 4 0
github.com/AlexBlackNn/metrics/app/agent/restagentsender/v2/sender.go:62.65,68.7 1 0
github.com/AlexBlackNn/metrics/app/agent/restagentsender/v2/sender.go:68.12,74.7 1 0
github.com/AlexBlackNn/metrics/app/agent/restagentsender/v2/sender.go:76.6,87.20 6 0
github.com/AlexBlackNn/metrics/app/agent/restagentsender/v2/sender.go:87.20,90.7 2 0
github.com/AlexBlackNn/metrics/app/agent/restagentsender/v2/sender.go:91.6,95.7 1 0
github.com/AlexBlackNn/metrics/app/agent/restagentsender/v3/sender.go:26.11,32.2 1 0
github.com/AlexBlackNn/metrics/app/agent/restagentsender/v3/sender.go:34.44,41.6 4 0
github.com/AlexBlackNn/metrics/app/agent/restagentsender/v3/sender.go:41.6,42.10 1 0
github.com/AlexBlackNn/metrics/app/agent/restagentsender/v3/sender.go:43.21,44.10 1 0
github.com/AlexBlackNn/metrics/app/agent/restagentsender/v3/sender.go:45.37,50.47 3 0
github.com/AlexBlackNn/metrics/app/agent/restagentsender/v3/sender.go:50.47,51.64 1 0
github.com/AlexBlackNn/metrics/app/agent/restagentsender/v3/sender.go:51.64,57.6 1 0
github.com/AlexBlackNn/metrics/app/agent/restagentsender/v3/sender.go:57.11,63.6 1 0
github.com/AlexBlackNn/metrics/app/agent/restagentsender/v3/sender.go:66.4,69.18 3 0
github.com/AlexBlackNn/metrics/app/agent/restagentsender/v3/sender.go:69.18,72.5 2 0
github.com/AlexBlackNn/metrics/app/agent/restagentsender/v3/sender.go:74.4,86.18 6 0
github.com/AlexBlackNn/metrics/app/agent/restagentsender/v3/sender.go:86.18,89.5 2 0
github.com/AlexBlackNn/metrics/app/agent/restagentsender/v3/sender.go:90.4,94.5 1 0
github.com/AlexBlackNn/metrics/app/server/app.go:64.26,67.16 2 0
github.com/AlexBlackNn/metrics/app/server/app.go:67.16,69.3 1 0
github.com/AlexBlackNn/metrics/app/server/app.go:71.2,74.33 2 0
github.com/AlexBlackNn/metrics/app/server/app.go:74.33,76.17 2 0
github.com/AlexBlackNn/metrics/app/server/app.go:76.17,78.4 1 0
github.com/AlexBlackNn/metrics/app/server/app.go:79.3,81.17 3 0
github.com/AlexBlackNn/metrics/app/server/app.go:81.17,82.34 1 0
github.com/AlexBlackNn/metrics/app/server/app.go:82.34,85.5 2 0
github.com/AlexBlackNn/metrics/app/server/app.go:86.4,87.72 2 0
github.com/AlexBlackNn/metrics/app/server/app.go:89.3,90.71 2 0
github.com/AlexBlackNn/metrics/app/server/app.go:92.2,93.16 2 0
github.com/AlexBlackNn/metrics/app/server/app.go:93.16,95.3 1 0
github.com/AlexBlackNn/metrics/app/server/app.go:96.2,96.60 1 0
github.com/AlexBlackNn/metrics/app/server/app.go:99.119,140.2 7 0
github.com/AlexBlackNn/metrics/cmd/agent/main.go:16.13,20.16 3 0
github.com/AlexBlackNn/metrics/cmd/agent/main.go:20.16,21.13 1 0
github.com/AlexBlackNn/metrics/cmd/agent/main.go:24.2,36.12 9 0
github.com/AlexBlackNn/metrics/cmd/agent/main.go:36.12,40.3 3 0
github.com/AlexBlackNn/metrics/cmd/agent/main.go:42.2,42.12 1 0
github.com/AlexBlackNn/metrics/cmd/agent/main.go:42.12,45.3 2 0
github.com/AlexBlackNn/metrics/cmd/agent/main.go:47.2,47.12 1 0
github.com/AlexBlackNn/metrics/cmd/agent/main.go:47.12,50.3 2 0
github.com/AlexBlackNn/metrics/cmd/agent/main.go:52.2,52.12 1 0
github.com/AlexBlackNn/metrics/cmd/agent/main.go:52.12,55.3 2 0
github.com/AlexBlackNn/metrics/cmd/agent/main.go:57.2,57.11 1 0
github.com/AlexBlackNn/metrics/cmd/server/main.go:21.13,24.16 2 0
github.com/AlexBlackNn/metrics/cmd/server/main.go:24.16,25.13 1 0
github.com/AlexBlackNn/metrics/cmd/server/main.go:27.2,31.12 4 0
github.com/AlexBlackNn/metrics/cmd/server/main.go:31.12,32.57 1 0
github.com/AlexBlackNn/metrics/cmd/server/main.go:32.57,33.14 1 0
github.com/AlexBlackNn/metrics/cmd/server/main.go:36.2,43.3 3 0
github.com/AlexBlackNn/metrics/cmd/server/docs/docs.go:189.13,191.2 1 0
github.com/AlexBlackNn/metrics/cmd/server/migrator/main.go:15.13,40.26 6 0
github.com/AlexBlackNn/metrics/cmd/server/migrator/main.go:40.26,41.39 1 0
github.com/AlexBlackNn/metrics/cmd/server/migrator/main.go:44.2,48.16 2 0
github.com/AlexBlackNn/metrics/cmd/server/migrator/main.go:48.16,49.13 1 0
github.com/AlexBlackNn/metrics/cmd/server/migrator/main.go:51.2,51.31 1 0
github.com/AlexBlackNn/metrics/cmd/server/migrator/main.go:51.31,52.42 1 0
github.com/AlexBlackNn/metrics/cmd/server/migrator/main.go:52.42,55.4 2 0
github.com/AlexBlackNn/metrics/cmd/server/migrator/main.go:56.3,56.13 1 0
github.com/AlexBlackNn/metrics/cmd/server/migrator/main.go:58.2,58.48 1 0
github.com/AlexBlackNn/metrics/cmd/server/router/chi_router.go:28.12,41.39 6 0
github.com/AlexBlackNn/metrics/cmd/server/router/chi_router.go:41.39,51.3 9 0
github.com/AlexBlackNn/metrics/cmd/server/router/chi_router.go:52.2,54.46 3 0
github.com/AlexBlackNn/metrics/cmd/server/router/chi_router.go:54.46,58.3 1 0
github.com/AlexBlackNn/metrics/cmd/server/router/chi_router.go:59.2,59.15 1 0
github.com/AlexBlackNn/metrics/internal/config/configagent/config.go:34.34,47.2 1 0
github.com/AlexBlackNn/metrics/internal/config/configagent/config.go:53.29,68.22 13 1
github.com/AlexBlackNn/metrics/internal/config/configagent/config.go:68.22,70.3 1 1
github.com/AlexBlackNn/metrics/internal/config/configagent/config.go:71.2,71.22 1 1
github.com/AlexBlackNn/metrics/internal/config/configagent/config.go:71.22,73.17 2 0
github.com/AlexBlackNn/metrics/internal/config/configagent/config.go:73.17,75.4 1 0
github.com/AlexBlackNn/metrics/internal/config/configagent/config.go:76.3,76.18 1 0
github.com/AlexBlackNn/metrics/internal/config/configagent/config.go:79.2,80.16 2 1
github.com/AlexBlackNn/metrics/internal/config/configagent/config.go:80.16,82.3 1 0
github.com/AlexBlackNn/metrics/internal/config/configagent/config.go:83.2,83.17 1 1
github.com/AlexBlackNn/metrics/internal/config/configagent/config.go:87.53,88.55 1 0
github.com/AlexBlackNn/metrics/internal/config/configagent/config.go:88.55,90.3 1 0
github.com/AlexBlackNn/metrics/internal/config/configagent/config.go:92.2,93.62 2 0
github.com/AlexBlackNn/metrics/internal/config/configagent/config.go:93.62,95.3 1 0
github.com/AlexBlackNn/metrics/internal/config/configagent/config.go:96.2,96.18 1 0
github.com/AlexBlackNn/metrics/internal/config/configserver/config.go:35.34,50.2 1 0
github.com/AlexBlackNn/metrics/internal/config/configserver/config.go:56.29,72.22 13 0
github.com/AlexBlackNn/metrics/internal/config/configserver/config.go:72.22,74.3 1 0
github.com/AlexBlackNn/metrics/internal/config/configserver/config.go:75.2,75.22 1 0
github.com/AlexBlackNn/metrics/internal/config/configserver/config.go:75.22,77.17 2 0
github.com/AlexBlackNn/metrics/internal/config/configserver/config.go:77.17,79.4 1 0
github.com/AlexBlackNn/metrics/internal/config/configserver/config.go:80.3,80.18 1 0
github.com/AlexBlackNn/metrics/internal/config/configserver/config.go:83.2,84.16 2 0
github.com/AlexBlackNn/metrics/internal/config/configserver/config.go:84.16,86.3 1 0
github.com/AlexBlackNn/metrics/internal/config/configserver/config.go:87.2,87.17 1 0
github.com/AlexBlackNn/metrics/internal/config/configserver/config.go:91.53,93.16 2 0
github.com/AlexBlackNn/metrics/internal/config/configserver/config.go:93.16,94.25 1 0
github.com/AlexBlackNn/metrics/internal/config/configserver/config.go:94.25,96.4 1 0
github.com/AlexBlackNn/metrics/internal/config/configserver/config.go:97.3,97.59 1 0
github.com/AlexBlackNn/metrics/internal/config/configserver/config.go:99.2,100.62 2 0
github.com/AlexBlackNn/metrics/internal/config/configserver/config.go:100.62,102.3 1 0
github.com/AlexBlackNn/metrics/internal/config/configserver/config.go:103.2,103.18 1 0
github.com/AlexBlackNn/metrics/internal/domain/models/metric.go:34.38,36.2 1 0
github.com/AlexBlackNn/metrics/internal/domain/models/metric.go:38.38,40.2 1 0
github.com/AlexBlackNn/metrics/internal/domain/models/metric.go:42.36,44.2 1 0
github.com/AlexBlackNn/metrics/internal/domain/models/metric.go:46.45,48.29 1 0
github.com/AlexBlackNn/metrics/internal/domain/models/metric.go:49.22,50.41 1 0
github.com/AlexBlackNn/metrics/internal/domain/models/metric.go:51.10,52.41 1 0
github.com/AlexBlackNn/metrics/internal/domain/models/metric.go:57.56,58.36 1 0
github.com/AlexBlackNn/metrics/internal/domain/models/metric.go:58.36,60.3 1 0
github.com/AlexBlackNn/metrics/internal/domain/models/metric.go:61.2,61.36 1 0
github.com/AlexBlackNn/metrics/internal/domain/models/metric.go:61.36,63.3 1 0
github.com/AlexBlackNn/metrics/internal/domain/models/metric.go:66.2,66.46 1 0
github.com/AlexBlackNn/metrics/internal/domain/models/metric.go:66.46,67.51 1 0
github.com/AlexBlackNn/metrics/internal/domain/models/metric.go:67.51,69.4 1 0
github.com/AlexBlackNn/metrics/internal/domain/models/metric.go:71.2,71.45 1 0
github.com/AlexBlackNn/metrics/internal/domain/models/metric.go:71.45,72.50 1 0
github.com/AlexBlackNn/metrics/internal/domain/models/metric.go:72.50,75.4 2 0
github.com/AlexBlackNn/metrics/internal/domain/models/metric.go:77.2,77.30 1 0
github.com/AlexBlackNn/metrics/internal/domain/models/metric.go:80.46,81.96 1 0
github.com/AlexBlackNn/metrics/internal/domain/models/metric.go:81.96,83.3 1 0
github.com/AlexBlackNn/metrics/internal/domain/models/metric.go:84.2,84.12 1 0
github.com/AlexBlackNn/metrics/internal/domain/models/metric.go:87.95,89.48 1 0
github.com/AlexBlackNn/metrics/internal/domain/models/metric.go:89.48,91.17 2 0
github.com/AlexBlackNn/metrics/internal/domain/models/metric.go:91.17,93.4 1 0
github.com/AlexBlackNn/metrics/internal/domain/models/metric.go:94.3,98.9 1 0
github.com/AlexBlackNn/metrics/internal/domain/models/metric.go:101.2,101.50 1 0
github.com/AlexBlackNn/metrics/internal/domain/models/metric.go:101.50,103.17 2 0
github.com/AlexBlackNn/metrics/internal/domain/models/metric.go:103.17,105.4 1 0
github.com/AlexBlackNn/metrics/internal/domain/models/metric.go:106.3,110.9 1 0
github.com/AlexBlackNn/metrics/internal/domain/models/metric.go:112.2,112.35 1 0
github.com/AlexBlackNn/metrics/internal/handlers/v1/metrics_handlers.go:23.89,25.2 1 0
github.com/AlexBlackNn/metrics/internal/handlers/v1/metrics_handlers.go:27.80,28.32 1 0
github.com/AlexBlackNn/metrics/internal/handlers/v1/metrics_handlers.go:28.32,31.3 2 0
github.com/AlexBlackNn/metrics/internal/handlers/v1/metrics_handlers.go:33.2,35.54 3 0
github.com/AlexBlackNn/metrics/internal/handlers/v1/metrics_handlers.go:35.54,38.3 2 0
github.com/AlexBlackNn/metrics/internal/handlers/v1/metrics_handlers.go:39.2,40.16 2 0
github.com/AlexBlackNn/metrics/internal/handlers/v1/metrics_handlers.go:40.16,44.3 3 0
github.com/AlexBlackNn/metrics/internal/handlers/v1/metrics_handlers.go:45.2,47.16 3 0
github.com/AlexBlackNn/metrics/internal/handlers/v1/metrics_handlers.go:47.16,51.3 3 0
github.com/AlexBlackNn/metrics/internal/handlers/v1/metrics_handlers.go:53.2,56.49 4 0
github.com/AlexBlackNn/metrics/internal/handlers/v1/metrics_handlers.go:56.49,60.3 3 0
github.com/AlexBlackNn/metrics/internal/handlers/v1/metrics_handlers.go:63.79,64.32 1 0
github.com/AlexBlackNn/metrics/internal/handlers/v1/metrics_handlers.go:64.32,67.3 2 0
github.com/AlexBlackNn/metrics/internal/handlers/v1/metrics_handlers.go:69.2,70.16 2 0
github.com/AlexBlackNn/metrics/internal/handlers/v1/metrics_handlers.go:70.16,73.3 2 0
github.com/AlexBlackNn/metrics/internal/handlers/v1/metrics_handlers.go:75.2,77.16 3 0
github.com/AlexBlackNn/metrics/internal/handlers/v1/metrics_handlers.go:77.16,80.3 2 0
github.com/AlexBlackNn/metrics/internal/handlers/v1/metrics_handlers.go:81.2,82.54 2 0
github.com/AlexBlackNn/metrics/internal/handlers/v1/metrics_handlers.go:82.54,85.3 2 0
github.com/AlexBlackNn/metrics/internal/handlers/v1/metrics_handlers.go:86.2,86.16 1 0
github.com/AlexBlackNn/metrics/internal/handlers/v1/metrics_handlers.go:86.16,89.3 2 0
github.com/AlexBlackNn/metrics/internal/handlers/v1/metrics_handlers.go:91.2,94.63 4 0
github.com/AlexBlackNn/metrics/internal/handlers/v1/metrics_handlers.go:97.79,98.33 1 0
github.com/AlexBlackNn/metrics/internal/handlers/v1/metrics_handlers.go:98.33,101.3 2 0
github.com/AlexBlackNn/metrics/internal/handlers/v1/metrics_handlers.go:103.2,108.16 2 0
github.com/AlexBlackNn/metrics/internal/handlers/v1/metrics_handlers.go:108.16,111.3 2 0
github.com/AlexBlackNn/metrics/internal/handlers/v1/metrics_handlers.go:113.2,115.51 3 0
github.com/AlexBlackNn/metrics/internal/handlers/v1/metrics_handlers.go:115.51,118.3 2 0
github.com/AlexBlackNn/metrics/internal/handlers/v1/metrics_handlers.go:119.2,119.16 1 0
github.com/AlexBlackNn/metrics/internal/handlers/v1/metrics_handlers.go:119.16,122.3 2 0
github.com/AlexBlackNn/metrics/internal/handlers/v1/metrics_handlers.go:124.2,126.30 3 0
github.com/AlexBlackNn/metrics/internal/handlers/v2/health_handlers.go:18.95,20.2 1 0
github.com/AlexBlackNn/metrics/internal/handlers/v2/health_handlers.go:31.81,32.32 1 0
github.com/AlexBlackNn/metrics/internal/handlers/v2/health_handlers.go:32.32,35.3 2 0
github.com/AlexBlackNn/metrics/internal/handlers/v2/health_handlers.go:36.2,41.16 4 0
github.com/AlexBlackNn/metrics/internal/handlers/v2/health_handlers.go:41.16,44.3 2 0
github.com/AlexBlackNn/metrics/internal/handlers/v2/health_handlers.go:45.2,46.46 2 0
github.com/AlexBlackNn/metrics/internal/handlers/v2/health_handlers.go:49.80,50.32 1 0
github.com/AlexBlackNn/metrics/internal/handlers/v2/health_handlers.go:50.32,53.3 2 0
github.com/AlexBlackNn/metrics/internal/handlers/v2/health_handlers.go:54.2,54.46 1 0
github.com/AlexBlackNn/metrics/internal/handlers/v2/metrics_handlers.go:24.89,26.2 1 0
github.com/AlexBlackNn/metrics/internal/handlers/v2/metrics_handlers.go:39.79,40.33 1 0
github.com/AlexBlackNn/metrics/internal/handlers/v2/metrics_handlers.go:40.33,43.3 2 0
github.com/AlexBlackNn/metrics/internal/handlers/v2/metrics_handlers.go:44.2,47.16 3 0
github.com/AlexBlackNn/metrics/internal/handlers/v2/metrics_handlers.go:47.16,48.29 1 0
github.com/AlexBlackNn/metrics/internal/handlers/v2/metrics_handlers.go:48.29,52.4 2 0
github.com/AlexBlackNn/metrics/internal/handlers/v2/metrics_handlers.go:53.3,54.9 2 0
github.com/AlexBlackNn/metrics/internal/handlers/v2/metrics_handlers.go:56.2,56.58 1 0
github.com/AlexBlackNn/metrics/internal/handlers/v2/metrics_handlers.go:56.58,58.35 2 0
github.com/AlexBlackNn/metrics/internal/handlers/v2/metrics_handlers.go:58.35,62.4 3 0
github.com/AlexBlackNn/metrics/internal/handlers/v2/metrics_handlers.go:63.3,64.9 2 0
github.com/AlexBlackNn/metrics/internal/handlers/v2/metrics_handlers.go:66.2,70.16 4 0
github.com/AlexBlackNn/metrics/internal/handlers/v2/metrics_handlers.go:70.16,73.3 2 0
github.com/AlexBlackNn/metrics/internal/handlers/v2/metrics_handlers.go:74.2,76.16 2 0
github.com/AlexBlackNn/metrics/internal/handlers/v2/metrics_handlers.go:76.16,77.55 1 0
github.com/AlexBlackNn/metrics/internal/handlers/v2/metrics_handlers.go:77.55,80.4 2 0
github.com/AlexBlackNn/metrics/internal/handlers/v2/metrics_handlers.go:81.3,82.9 2 0
github.com/AlexBlackNn/metrics/internal/handlers/v2/metrics_handlers.go:84.2,84.34 1 0
github.com/AlexBlackNn/metrics/internal/handlers/v2/metrics_handlers.go:97.79,98.33 1 0
github.com/AlexBlackNn/metrics/internal/handlers/v2/metrics_handlers.go:98.33,101.3 2 0
github.com/AlexBlackNn/metrics/internal/handlers/v2/metrics_handlers.go:103.2,105.16 3 0
github.com/AlexBlackNn/metrics/internal/handlers/v2/metrics_handlers.go:105.16,106.29 1 0
github.com/AlexBlackNn/metrics/internal/handlers/v2/metrics_handlers.go:106.29,110.4 2 0
github.com/AlexBlackNn/metrics/internal/handlers/v2/metrics_handlers.go:111.3,112.9 2 0
github.com/AlexBlackNn/metrics/internal/handlers/v2/metrics_handlers.go:114.2,114.58 1 0
github.com/AlexBlackNn/metrics/internal/handlers/v2/metrics_handlers.go:114.58,116.35 2 0
github.com/AlexBlackNn/metrics/internal/handlers/v2/metrics_handlers.go:116.35,120.4 3 0
github.com/AlexBlackNn/metrics/internal/handlers/v2/metrics_handlers.go:121.3,122.9 2 0
github.com/AlexBlackNn/metrics/internal/handlers/v2/metrics_handlers.go:125.2,128.56 2 0
github.com/AlexBlackNn/metrics/internal/handlers/v2/metrics_handlers.go:128.56,134.3 1 0
github.com/AlexBlackNn/metrics/internal/handlers/v2/metrics_handlers.go:134.8,140.3 1 0
github.com/AlexBlackNn/metrics/internal/handlers/v2/metrics_handlers.go:141.2,141.16 1 0
github.com/AlexBlackNn/metrics/internal/handlers/v2/metrics_handlers.go:141.16,144.3 2 0
github.com/AlexBlackNn/metrics/internal/handlers/v2/metrics_handlers.go:146.2,150.16 4 0
github.com/AlexBlackNn/metrics/internal/handlers/v2/metrics_handlers.go:150.16,151.52 1 0
github.com/AlexBlackNn/metrics/internal/handlers/v2/metrics_handlers.go:151.52,154.4 2 0
github.com/AlexBlackNn/metrics/internal/handlers/v2/metrics_handlers.go:155.3,156.9 2 0
github.com/AlexBlackNn/metrics/internal/handlers/v2/metrics_handlers.go:158.2,158.26 1 0
github.com/AlexBlackNn/metrics/internal/handlers/v2/metrics_handlers_response.go:29.33,34.2 1 0
github.com/AlexBlackNn/metrics/internal/handlers/v2/metrics_handlers_response.go:36.36,40.2 1 0
github.com/AlexBlackNn/metrics/internal/handlers/v2/metrics_handlers_response.go:42.62,45.27 2 0
github.com/AlexBlackNn/metrics/internal/handlers/v2/metrics_handlers_response.go:45.27,46.26 1 0
github.com/AlexBlackNn/metrics/internal/handlers/v2/metrics_handlers_response.go:47.19,48.87 1 0
github.com/AlexBlackNn/metrics/internal/handlers/v2/metrics_handlers_response.go:49.11,50.80 1 0
github.com/AlexBlackNn/metrics/internal/handlers/v2/metrics_handlers_response.go:54.2,54.36 1 0
github.com/AlexBlackNn/metrics/internal/handlers/v2/metrics_handlers_response.go:57.85,61.56 3 0
github.com/AlexBlackNn/metrics/internal/handlers/v2/metrics_handlers_response.go:61.56,70.3 4 0
github.com/AlexBlackNn/metrics/internal/handlers/v2/metrics_handlers_response.go:71.2,77.24 3 0
github.com/AlexBlackNn/metrics/internal/handlers/v2/metrics_handlers_response.go:80.92,85.2 4 0
github.com/AlexBlackNn/metrics/internal/handlers/v2/metrics_handlers_response.go:87.93,92.2 4 0
github.com/AlexBlackNn/metrics/internal/handlers/v2/metrics_handlers_response_easyjson.go:20.107,22.17 2 0
github.com/AlexBlackNn/metrics/internal/handlers/v2/metrics_handlers_response_easyjson.go:22.17,23.17 1 0
github.com/AlexBlackNn/metrics/internal/handlers/v2/metrics_handlers_response_easyjson.go:23.17,25.4 1 0
github.com/AlexBlackNn/metrics/internal/handlers/v2/metrics_handlers_response_easyjson.go:26.3,27.9 2 0
github.com/AlexBlackNn/metrics/internal/handlers/v2/metrics_handlers_response_easyjson.go:29.2,30.23 2 0
github.com/AlexBlackNn/metrics/internal/handlers/v2/metrics_handlers_response_easyjson.go:30.23,33.18 3 0
github.com/AlexBlackNn/metrics/internal/handlers/v2/metrics_handlers_response_easyjson.go:33.18,36.12 3 0
github.com/AlexBlackNn/metrics/internal/handlers/v2/metrics_handlers_response_easyjson.go:38.3,38.14 1 0
github.com/AlexBlackNn/metrics/internal/handlers/v2/metrics_handlers_response_easyjson.go:39.17,40.36 1 0
github.com/AlexBlackNn/metrics/internal/handlers/v2/metrics_handlers_response_easyjson.go:41.16,42.35 1 0
github.com/AlexBlackNn/metrics/internal/handlers/v2/metrics_handlers_response_easyjson.go:43.11,44.22 1 0
github.com/AlexBlackNn/metrics/internal/handlers/v2/metrics_handlers_response_easyjson.go:46.3,46.17 1 0
github.com/AlexBlackNn/metrics/internal/handlers/v2/metrics_handlers_response_easyjson.go:48.2,49.16 2 0
github.com/AlexBlackNn/metrics/internal/handlers/v2/metrics_handlers_response_easyjson.go:49.16,51.3 1 0
github.com/AlexBlackNn/metrics/internal/handlers/v2/metrics_handlers_response_easyjson.go:53.108,57.2 4 0
github.com/AlexBlackNn/metrics/internal/handlers/v2/metrics_handlers_response_easyjson.go:57.2,61.3 3 0
github.com/AlexBlackNn/metrics/internal/handlers/v2/metrics_handlers_response_easyjson.go:62.2,62.20 1 0
github.com/AlexBlackNn/metrics/internal/handlers/v2/metrics_handlers_response_easyjson.go:62.20,66.3 3 0
github.com/AlexBlackNn/metrics/internal/handlers/v2/metrics_handlers_response_easyjson.go:67.2,67.18 1 0
github.com/AlexBlackNn/metrics/internal/handlers/v2/metrics_handlers_response_easyjson.go:71.49,75.2 3 0
github.com/AlexBlackNn/metrics/internal/handlers/v2/metrics_handlers_response_easyjson.go:78.54,80.2 1 0
github.com/AlexBlackNn/metrics/internal/handlers/v2/metrics_handlers_response_easyjson.go:83.53,87.2 3 0
github.com/AlexBlackNn/metrics/internal/handlers/v2/metrics_handlers_response_easyjson.go:90.55,92.2 1 0
github.com/AlexBlackNn/metrics/internal/handlers/v2/metrics_handlers_response_easyjson.go:93.107,95.17 2 0
github.com/AlexBlackNn/metrics/internal/handlers/v2/metrics_handlers_response_easyjson.go:95.17,96.17 1 0
github.com/AlexBlackNn/metrics/internal/handlers/v2/metrics_handlers_response_easyjson.go:96.17,98.4 1 0
github.com/AlexBlackNn/metrics/internal/handlers/v2/metrics_handlers_response_easyjson.go:99.3,100.9 2 0
github.com/AlexBlackNn/metrics/internal/handlers/v2/metrics_handlers_response_easyjson.go:102.2,103.23 2 0
github.com/AlexBlackNn/metrics/internal/handlers/v2/metrics_handlers_response_easyjson.go:103.23,106.18 3 0
github.com/AlexBlackNn/metrics/internal/handlers/v2/metrics_handlers_response_easyjson.go:106.18,109.12 3 0
github.com/AlexBlackNn/metrics/internal/handlers/v2/metrics_handlers_response_easyjson.go:111.3,111.14 1 0
github.com/AlexBlackNn/metrics/internal/handlers/v2/metrics_handlers_response_easyjson.go:112.13,113.32 1 0
github.com/AlexBlackNn/metrics/internal/handlers/v2/metrics_handlers_response_easyjson.go:114.15,115.35 1 0
github.com/AlexBlackNn/metrics/internal/handlers/v2/metrics_handlers_response_easyjson.go:116.16,117.19 1 0
github.com/AlexBlackNn/metrics/internal/handlers/v2/metrics_handlers_response_easyjson.go:117.19,120.5 2 0
github.com/AlexBlackNn/metrics/internal/handlers/v2/metrics_handlers_response_easyjson.go:120.10,121.25 1 0
github.com/AlexBlackNn/metrics/internal/handlers/v2/metrics_handlers_response_easyjson.go:121.25,123.6 1 0
github.com/AlexBlackNn/metrics/internal/handlers/v2/metrics_handlers_response_easyjson.go:124.5,124.35 1 0
github.com/AlexBlackNn/metrics/internal/handlers/v2/metrics_handlers_response_easyjson.go:126.16,127.19 1 0
github.com/AlexBlackNn/metrics/internal/handlers/v2/metrics_handlers_response_easyjson.go:127.19,130.5 2 0
github.com/AlexBlackNn/metrics/internal/handlers/v2/metrics_handlers_response_easyjson.go:130.10,131.25 1 0
github.com/AlexBlackNn/metrics/internal/handlers/v2/metrics_handlers_response_easyjson.go:131.25,133.6 1 0
github.com/AlexBlackNn/metrics/internal/handlers/v2/metrics_handlers_response_easyjson.go:134.5,134.39 1 0
github.com/AlexBlackNn/metrics/internal/handlers/v2/metrics_handlers_response_easyjson.go:136.11,137.22 1 0
github.com/AlexBlackNn/metrics/internal/handlers/v2/metrics_handlers_response_easyjson.go:139.3,139.17 1 0
github.com/AlexBlackNn/metrics/internal/handlers/v2/metrics_handlers_response_easyjson.go:141.2,142.16 2 0
github.com/AlexBlackNn/metrics/internal/handlers/v2/metrics_handlers_response_easyjson.go:142.16,144.3 1 0
github.com/AlexBlackNn/metrics/internal/handlers/v2/metrics_handlers_response_easyjson.go:146.108,150.2 4 0
github.com/AlexBlackNn/metrics/internal/handlers/v2/metrics_handlers_response_easyjson.go:150.2,154.3 3 0
github.com/AlexBlackNn/metrics/internal/handlers/v2/metrics_handlers_response_easyjson.go:155.2,159.3 3 0
github.com/AlexBlackNn/metrics/internal/handlers/v2/metrics_handlers_response_easyjson.go:160.2,160.21 1 0
github.com/AlexBlackNn/metrics/internal/handlers/v2/metrics_handlers_response_easyjson.go:160.21,164.3 3 0
github.com/AlexBlackNn/metrics/internal/handlers/v2/metrics_handlers_response_easyjson.go:165.2,165.21 1 0
github.com/AlexBlackNn/metrics/internal/handlers/v2/metrics_handlers_response_easyjson.go:165.21,169.3 3 0
github.com/AlexBlackNn/metrics/internal/handlers/v2/metrics_handlers_response_easyjson.go:170.2,170.18 1 0
github.com/AlexBlackNn/metrics/internal/handlers/v2/metrics_handlers_response_easyjson.go:174.48,178.2 3 0
github.com/AlexBlackNn/metrics/internal/handlers/v2/metrics_handlers_response_easyjson.go:181.53,183.2 1 0
github.com/AlexBlackNn/metrics/internal/handlers/v2/metrics_handlers_response_easyjson.go:186.52,190.2 3 0
github.com/AlexBlackNn/metrics/internal/handlers/v2/metrics_handlers_response_easyjson.go:193.54,195.2 1 0
github.com/AlexBlackNn/metrics/internal/handlers/v3/metrics_handlers.go:24.89,26.2 1 0
github.com/AlexBlackNn/metrics/internal/handlers/v3/metrics_handlers.go:28.87,29.33 1 0
github.com/AlexBlackNn/metrics/internal/handlers/v3/metrics_handlers.go:29.33,32.3 2 0
github.com/AlexBlackNn/metrics/internal/handlers/v3/metrics_handlers.go:34.2,37.16 3 0
github.com/AlexBlackNn/metrics/internal/handlers/v3/metrics_handlers.go:37.16,38.29 1 0
github.com/AlexBlackNn/metrics/internal/handlers/v3/metrics_handlers.go:38.29,42.4 2 0
github.com/AlexBlackNn/metrics/internal/handlers/v3/metrics_handlers.go:43.3,44.9 2 0
github.com/AlexBlackNn/metrics/internal/handlers/v3/metrics_handlers.go:47.2,49.39 3 0
github.com/AlexBlackNn/metrics/internal/handlers/v3/metrics_handlers.go:49.39,51.59 1 0
github.com/AlexBlackNn/metrics/internal/handlers/v3/metrics_handlers.go:51.59,53.36 2 0
github.com/AlexBlackNn/metrics/internal/handlers/v3/metrics_handlers.go:53.36,57.5 3 0
github.com/AlexBlackNn/metrics/internal/handlers/v3/metrics_handlers.go:61.3,61.56 1 0
github.com/AlexBlackNn/metrics/internal/handlers/v3/metrics_handlers.go:61.56,67.4 1 0
github.com/AlexBlackNn/metrics/internal/handlers/v3/metrics_handlers.go:67.9,73.4 1 0
github.com/AlexBlackNn/metrics/internal/handlers/v3/metrics_handlers.go:74.3,74.29 1 0
github.com/AlexBlackNn/metrics/internal/handlers/v3/metrics_handlers.go:76.2,76.16 1 0
github.com/AlexBlackNn/metrics/internal/handlers/v3/metrics_handlers.go:76.16,79.3 2 0
github.com/AlexBlackNn/metrics/internal/handlers/v3/metrics_handlers.go:81.2,85.16 4 0
github.com/AlexBlackNn/metrics/internal/handlers/v3/metrics_handlers.go:85.16,86.52 1 0
github.com/AlexBlackNn/metrics/internal/handlers/v3/metrics_handlers.go:86.52,89.4 2 0
github.com/AlexBlackNn/metrics/internal/handlers/v3/metrics_handlers.go:90.3,91.9 2 0
github.com/AlexBlackNn/metrics/internal/handlers/v3/metrics_handlers.go:93.2,93.26 1 0
github.com/AlexBlackNn/metrics/internal/handlers/v3/metrics_handlers_response.go:28.33,33.2 1 0
github.com/AlexBlackNn/metrics/internal/handlers/v3/metrics_handlers_response.go:35.36,39.2 1 0
github.com/AlexBlackNn/metrics/internal/handlers/v3/metrics_handlers_response.go:41.62,44.27 2 0
github.com/AlexBlackNn/metrics/internal/handlers/v3/metrics_handlers_response.go:44.27,45.26 1 0
github.com/AlexBlackNn/metrics/internal/handlers/v3/metrics_handlers_response.go:46.19,47.87 1 0
github.com/AlexBlackNn/metrics/internal/handlers/v3/metrics_handlers_response.go:48.11,49.80 1 0
github.com/AlexBlackNn/metrics/internal/handlers/v3/metrics_handlers_response.go:53.2,53.36 1 0
github.com/AlexBlackNn/metrics/internal/handlers/v3/metrics_handlers_response.go:56.85,60.56 3 0
github.com/AlexBlackNn/metrics/internal/handlers/v3/metrics_handlers_response.go:60.56,69.3 4 0
github.com/AlexBlackNn/metrics/internal/handlers/v3/metrics_handlers_response.go:70.2,76.24 3 0
github.com/AlexBlackNn/metrics/internal/handlers/v3/metrics_handlers_response.go:79.92,84.2 4 0
github.com/AlexBlackNn/metrics/internal/handlers/v3/metrics_handlers_response_easyjson.go:20.107,22.17 2 0
github.com/AlexBlackNn/metrics/internal/handlers/v3/metrics_handlers_response_easyjson.go:22.17,23.17 1 0
github.com/AlexBlackNn/metrics/internal/handlers/v3/metrics_handlers_response_easyjson.go:23.17,25.4 1 0
github.com/AlexBlackNn/metrics/internal/handlers/v3/metrics_handlers_response_easyjson.go:26.3,27.9 2 0
github.com/AlexBlackNn/metrics/internal/handlers/v3/metrics_handlers_response_easyjson.go:29.2,30.23 2 0
github.com/AlexBlackNn/metrics/internal/handlers/v3/metrics_handlers_response_easyjson.go:30.23,33.18 3 0
github.com/AlexBlackNn/metrics/internal/handlers/v3/metrics_handlers_response_easyjson.go:33.18,36.12 3 0
github.com/AlexBlackNn/metrics/internal/handlers/v3/metrics_handlers_response_easyjson.go:38.3,38.14 1 0
github.com/AlexBlackNn/metrics/internal/handlers/v3/metrics_handlers_response_easyjson.go:39.17,40.36 1 0
github.com/AlexBlackNn/metrics/internal/handlers/v3/metrics_handlers_response_easyjson.go:41.16,42.35 1 0
github.com/AlexBlackNn/metrics/internal/handlers/v3/metrics_handlers_response_easyjson.go:43.11,44.22 1 0
github.com/AlexBlackNn/metrics/internal/handlers/v3/metrics_handlers_response_easyjson.go:46.3,46.17 1 0
github.com/AlexBlackNn/metrics/internal/handlers/v3/metrics_handlers_response_easyjson.go:48.2,49.16 2 0
github.com/AlexBlackNn/metrics/internal/handlers/v3/metrics_handlers_response_easyjson.go:49.16,51.3 1 0
github.com/AlexBlackNn/metrics/internal/handlers/v3/metrics_handlers_response_easyjson.go:53.108,57.2 4 0
github.com/AlexBlackNn/metrics/internal/handlers/v3/metrics_handlers_response_easyjson.go:57.2,61.3 3 0
github.com/AlexBlackNn/metrics/internal/handlers/v3/metrics_handlers_response_easyjson.go:62.2,62.20 1 0
github.com/AlexBlackNn/metrics/internal/handlers/v3/metrics_handlers_response_easyjson.go:62.20,66.3 3 0
github.com/AlexBlackNn/metrics/internal/handlers/v3/metrics_handlers_response_easyjson.go:67.2,67.18 1 0
github.com/AlexBlackNn/metrics/internal/handlers/v3/metrics_handlers_response_easyjson.go:71.49,75.2 3 0
github.com/AlexBlackNn/metrics/internal/handlers/v3/metrics_handlers_response_easyjson.go:78.54,80.2 1 0
github.com/AlexBlackNn/metrics/internal/handlers/v3/metrics_handlers_response_easyjson.go:83.53,87.2 3 0
github.com/AlexBlackNn/metrics/internal/handlers/v3/metrics_handlers_response_easyjson.go:90.55,92.2 1 0
github.com/AlexBlackNn/metrics/internal/handlers/v3/metrics_handlers_response_easyjson.go:93.107,95.17 2 0
github.com/AlexBlackNn/metrics/internal/handlers/v3/metrics_handlers_response_easyjson.go:95.17,96.17 1 0
github.com/AlexBlackNn/metrics/internal/handlers/v3/metrics_handlers_response_easyjson.go:96.17,98.4 1 0
github.com/AlexBlackNn/metrics/internal/handlers/v3/metrics_handlers_response_easyjson.go:99.3,100.9 2 0
github.com/AlexBlackNn/metrics/internal/handlers/v3/metrics_handlers_response_easyjson.go:102.2,103.23 2 0
github.com/AlexBlackNn/metrics/internal/handlers/v3/metrics_handlers_response_easyjson.go:103.23,106.18 3 0
github.com/AlexBlackNn/metrics/internal/handlers/v3/metrics_handlers_response_easyjson.go:106.18,109.12 3 0
github.com/AlexBlackNn/metrics/internal/handlers/v3/metrics_handlers_response_easyjson.go:111.3,111.14 1 0
github.com/AlexBlackNn/metrics/internal/handlers/v3/metrics_handlers_response_easyjson.go:112.13,113.32 1 0
github.com/AlexBlackNn/metrics/internal/handlers/v3/metrics_handlers_response_easyjson.go:114.15,115.35 1 0
github.com/AlexBlackNn/metrics/internal/handlers/v3/metrics_handlers_response_easyjson.go:116.16,117.19 1 0
github.com/AlexBlackNn/metrics/internal/handlers/v3/metrics_handlers_response_easyjson.go:117.19,120.5 2 0
github.com/AlexBlackNn/metrics/internal/handlers/v3/metrics_handlers_response_easyjson.go:120.10,121.25 1 0
github.com/AlexBlackNn/metrics/internal/handlers/v3/metrics_handlers_response_easyjson.go:121.25,123.6 1 0
github.com/AlexBlackNn/metrics/internal/handlers/v3/metrics_handlers_response_easyjson.go:124.5,124.35 1 0
github.com/AlexBlackNn/metrics/internal/handlers/v3/metrics_handlers_response_easyjson.go:126.16,127.19 1 0
github.com/AlexBlackNn/metrics/internal/handlers/v3/metrics_handlers_response_easyjson.go:127.19,130.5 2 0
github.com/AlexBlackNn/metrics/internal/handlers/v3/metrics_handlers_response_easyjson.go:130.10,131.25 1 0
github.com/AlexBlackNn/metrics/internal/handlers/v3/metrics_handlers_response_easyjson.go:131.25,133.6 1 0
github.com/AlexBlackNn/metrics/internal/handlers/v3/metrics_handlers_response_easyjson.go:134.5,134.39 1 0
github.com/AlexBlackNn/metrics/internal/handlers/v3/metrics_handlers_response_easyjson.go:136.11,137.22 1 0
github.com/AlexBlackNn/metrics/internal/handlers/v3/metrics_handlers_response_easyjson.go:139.3,139.17 1 0
github.com/AlexBlackNn/metrics/internal/handlers/v3/metrics_handlers_response_easyjson.go:141.2,142.16 2 0
github.com/AlexBlackNn/metrics/internal/handlers/v3/metrics_handlers_response_easyjson.go:142.16,144.3 1 0
github.com/AlexBlackNn/metrics/internal/handlers/v3/metrics_handlers_response_easyjson.go:146.108,150.2 4 0
github.com/AlexBlackNn/metrics/internal/handlers/v3/metrics_handlers_response_easyjson.go:150.2,154.3 3 0
github.com/AlexBlackNn/metrics/internal/handlers/v3/metrics_handlers_response_easyjson.go:155.2,159.3 3 0
github.com/AlexBlackNn/metrics/internal/handlers/v3/metrics_handlers_response_easyjson.go:160.2,160.21 1 0
github.com/AlexBlackNn/metrics/internal/handlers/v3/metrics_handlers_response_easyjson.go:160.21,164.3 3 0
github.com/AlexBlackNn/metrics/internal/handlers/v3/metrics_handlers_response_easyjson.go:165.2,165.21 1 0
github.com/AlexBlackNn/metrics/internal/handlers/v3/metrics_handlers_response_easyjson.go:165.21,169.3 3 0
github.com/AlexBlackNn/metrics/internal/handlers/v3/metrics_handlers_response_easyjson.go:170.2,170.18 1 0
github.com/AlexBlackNn/metrics/internal/handlers/v3/metrics_handlers_response_easyjson.go:174.48,178.2 3 0
github.com/AlexBlackNn/metrics/internal/handlers/v3/metrics_handlers_response_easyjson.go:181.53,183.2 1 0
github.com/AlexBlackNn/metrics/internal/handlers/v3/metrics_handlers_response_easyjson.go:186.52,190.2 3 0
github.com/AlexBlackNn/metrics/internal/handlers/v3/metrics_handlers_response_easyjson.go:193.54,195.2 1 0
github.com/AlexBlackNn/metrics/internal/logger/logger.go:15.35,18.13 2 0
github.com/AlexBlackNn/metrics/internal/logger/logger.go:19.16,27.4 1 0
github.com/AlexBlackNn/metrics/internal/logger/logger.go:28.15,36.4 1 0
github.com/AlexBlackNn/metrics/internal/logger/logger.go:37.15,45.4 1 0
github.com/AlexBlackNn/metrics/internal/logger/logger.go:47.2,47.12 1 0
github.com/AlexBlackNn/metrics/internal/middleware/HashChecker.go:25.33,30.2 1 0
github.com/AlexBlackNn/metrics/internal/middleware/HashChecker.go:32.99,33.46 1 0
github.com/AlexBlackNn/metrics/internal/middleware/HashChecker.go:33.46,40.54 3 0
github.com/AlexBlackNn/metrics/internal/middleware/HashChecker.go:40.54,50.24 3 0
github.com/AlexBlackNn/metrics/internal/middleware/HashChecker.go:50.24,53.19 3 0
github.com/AlexBlackNn/metrics/internal/middleware/HashChecker.go:53.19,56.6 2 0
github.com/AlexBlackNn/metrics/internal/middleware/HashChecker.go:57.5,65.38 6 0
github.com/AlexBlackNn/metrics/internal/middleware/HashChecker.go:65.38,71.20 6 0
github.com/AlexBlackNn/metrics/internal/middleware/HashChecker.go:71.20,73.7 1 0
github.com/AlexBlackNn/metrics/internal/middleware/HashChecker.go:74.6,74.12 1 0
github.com/AlexBlackNn/metrics/internal/middleware/HashChecker.go:77.5,77.53 1 0
github.com/AlexBlackNn/metrics/internal/middleware/HashChecker.go:80.4,83.17 3 0
github.com/AlexBlackNn/metrics/internal/middleware/HashChecker.go:83.17,89.5 1 0
github.com/AlexBlackNn/metrics/internal/middleware/HashChecker.go:91.4,91.25 1 0
github.com/AlexBlackNn/metrics/internal/middleware/HashChecker.go:94.3,94.30 1 0
github.com/AlexBlackNn/metrics/internal/middleware/gzipDecompressor.go:16.66,18.16 2 0
github.com/AlexBlackNn/metrics/internal/middleware/gzipDecompressor.go:18.16,20.3 1 0
github.com/AlexBlackNn/metrics/internal/middleware/gzipDecompressor.go:22.2,25.8 1 0
github.com/AlexBlackNn/metrics/internal/middleware/gzipDecompressor.go:28.59,30.2 1 0
github.com/AlexBlackNn/metrics/internal/middleware/gzipDecompressor.go:32.40,33.36 1 0
github.com/AlexBlackNn/metrics/internal/middleware/gzipDecompressor.go:33.36,35.3 1 0
github.com/AlexBlackNn/metrics/internal/middleware/gzipDecompressor.go:36.2,36.21 1 0
github.com/AlexBlackNn/metrics/internal/middleware/gzipDecompressor.go:39.78,40.46 1 0
github.com/AlexBlackNn/metrics/internal/middleware/gzipDecompressor.go:40.46,45.54 3 0
github.com/AlexBlackNn/metrics/internal/middleware/gzipDecompressor.go:45.54,48.17 3 0
github.com/AlexBlackNn/metrics/internal/middleware/gzipDecompressor.go:48.17,50.19 2 0
github.com/AlexBlackNn/metrics/internal/middleware/gzipDecompressor.go:50.19,53.6 2 0
github.com/AlexBlackNn/metrics/internal/middleware/gzipDecompressor.go:54.5,55.36 2 0
github.com/AlexBlackNn/metrics/internal/middleware/gzipDecompressor.go:55.36,57.20 2 0
github.com/AlexBlackNn/metrics/internal/middleware/gzipDecompressor.go:57.20,59.7 1 0
github.com/AlexBlackNn/metrics/internal/middleware/gzipDecompressor.go:62.4,62.24 1 0
github.com/AlexBlackNn/metrics/internal/middleware/gzipDecompressor.go:65.3,65.30 1 0
github.com/AlexBlackNn/metrics/internal/middleware/logger.go:11.68,12.46 1 0
github.com/AlexBlackNn/metrics/internal/middleware/logger.go:12.46,19.54 3 0
github.com/AlexBlackNn/metrics/internal/middleware/logger.go:19.54,30.17 4 0
github.com/AlexBlackNn/metrics/internal/middleware/logger.go:30.17,36.5 1 0
github.com/AlexBlackNn/metrics/internal/middleware/logger.go:38.4,38.25 1 0
github.com/AlexBlackNn/metrics/internal/middleware/logger.go:41.3,41.30 1 0
github.com/AlexBlackNn/metrics/internal/middleware/gzipcompressor/gzipCompressor.go:18.43,20.2 1 0
github.com/AlexBlackNn/metrics/internal/middleware/gzipcompressor/gzipCompressor.go:22.50,24.76 1 0
github.com/AlexBlackNn/metrics/internal/middleware/gzipcompressor/gzipCompressor.go:24.76,28.3 3 0
github.com/AlexBlackNn/metrics/internal/middleware/gzipcompressor/gzipCompressor.go:29.2,31.37 3 0
github.com/AlexBlackNn/metrics/internal/middleware/gzipcompressor/gzipCompressor.go:34.51,36.76 1 0
github.com/AlexBlackNn/metrics/internal/middleware/gzipcompressor/gzipCompressor.go:36.76,38.3 1 0
github.com/AlexBlackNn/metrics/internal/middleware/gzipcompressor/gzipCompressor.go:39.2,39.26 1 0
github.com/AlexBlackNn/metrics/internal/middleware/gzipcompressor/gzipCompressor.go:42.36,44.2 1 0
github.com/AlexBlackNn/metrics/internal/middleware/gzipcompressor/gzipCompressor.go:46.36,48.2 1 0
github.com/AlexBlackNn/metrics/internal/middleware/gzipcompressor/gzipCompressor.go:50.30,52.2 1 0
github.com/AlexBlackNn/metrics/internal/middleware/gzipcompressor/gzipCompressor.go:54.79,55.46 1 0
github.com/AlexBlackNn/metrics/internal/middleware/gzipcompressor/gzipCompressor.go:55.46,56.54 1 0
github.com/AlexBlackNn/metrics/internal/middleware/gzipcompressor/gzipCompressor.go:56.54,58.88 1 0
github.com/AlexBlackNn/metrics/internal/middleware/gzipcompressor/gzipCompressor.go:58.88,62.5 2 0
github.com/AlexBlackNn/metrics/internal/middleware/gzipcompressor/gzipCompressor.go:64.4,65.18 2 0
github.com/AlexBlackNn/metrics/internal/middleware/gzipcompressor/gzipCompressor.go:65.18,67.19 2 0
github.com/AlexBlackNn/metrics/internal/middleware/gzipcompressor/gzipCompressor.go:67.19,69.6 1 0
github.com/AlexBlackNn/metrics/internal/middleware/gzipcompressor/gzipCompressor.go:70.5,70.11 1 0
github.com/AlexBlackNn/metrics/internal/middleware/gzipcompressor/gzipCompressor.go:72.4,73.23 2 0
github.com/AlexBlackNn/metrics/internal/middleware/gzipcompressor/gzipCompressor.go:73.23,75.5 1 0
github.com/AlexBlackNn/metrics/internal/middleware/gzipcompressor/gzipCompressor.go:75.10,77.5 1 0
github.com/AlexBlackNn/metrics/internal/middleware/gzipcompressor/gzipCompressor.go:78.4,78.18 1 0
github.com/AlexBlackNn/metrics/internal/middleware/gzipcompressor/gzipCompressor.go:78.18,80.19 2 0
github.com/AlexBlackNn/metrics/internal/middleware/gzipcompressor/gzipCompressor.go:80.19,82.6 1 0
github.com/AlexBlackNn/metrics/internal/middleware/gzipcompressor/gzipCompressor.go:83.5,83.11 1 0
github.com/AlexBlackNn/metrics/internal/middleware/gzipcompressor/gzipCompressor.go:86.3,86.30 1 0
github.com/AlexBlackNn/metrics/internal/middleware/gzipcompressor/gzipwriterpool.go:17.24,19.23 2 0
github.com/AlexBlackNn/metrics/internal/middleware/gzipcompressor/gzipwriterpool.go:19.23,21.17 2 0
github.com/AlexBlackNn/metrics/internal/middleware/gzipcompressor/gzipwriterpool.go:21.17,23.4 1 0
github.com/AlexBlackNn/metrics/internal/middleware/gzipcompressor/gzipwriterpool.go:24.3,24.56 1 0
github.com/AlexBlackNn/metrics/internal/middleware/gzipcompressor/gzipwriterpool.go:26.2,27.9 2 0
github.com/AlexBlackNn/metrics/internal/middleware/gzipcompressor/gzipwriterpool.go:27.9,29.3 1 0
github.com/AlexBlackNn/metrics/internal/middleware/gzipcompressor/gzipwriterpool.go:31.2,32.55 2 0
github.com/AlexBlackNn/metrics/internal/middleware/gzipcompressor/gzipwriterpool.go:35.61,37.16 2 0
github.com/AlexBlackNn/metrics/internal/middleware/gzipcompressor/gzipwriterpool.go:37.16,39.3 1 0
github.com/AlexBlackNn/metrics/internal/middleware/gzipcompressor/gzipwriterpool.go:40.2,41.12 2 0
github.com/AlexBlackNn/metrics/internal/middleware/gzipcompressor/gzipwriterpool.go:44.68,47.2 2 0
github.com/AlexBlackNn/metrics/internal/migrator/apply_migration.go:15.53,20.16 2 0
github.com/AlexBlackNn/metrics/internal/migrator/apply_migration.go:20.16,22.3 1 0
github.com/AlexBlackNn/metrics/internal/migrator/apply_migration.go:23.2,23.30 1 0
github.com/AlexBlackNn/metrics/internal/migrator/apply_migration.go:23.30,25.3 1 0
github.com/AlexBlackNn/metrics/internal/migrator/apply_migration.go:26.2,26.12 1 0
github.com/AlexBlackNn/metrics/internal/services/agentmetricsservice/monitor_service.go:27.19,33.2 1 0
github.com/AlexBlackNn/metrics/internal/services/agentmetricsservice/monitor_service.go:36.56,43.6 4 0
github.com/AlexBlackNn/metrics/internal/services/agentmetricsservice/monitor_service.go:43.6,44.10 1 0
github.com/AlexBlackNn/metrics/internal/services/agentmetricsservice/monitor_service.go:45.21,47.10 2 0
github.com/AlexBlackNn/metrics/internal/services/agentmetricsservice/monitor_service.go:48.71,83.39 34 0
github.com/AlexBlackNn/metrics/internal/services/agentmetricsservice/monitor_service.go:89.64,95.16 3 0
github.com/AlexBlackNn/metrics/internal/services/agentmetricsservice/monitor_service.go:95.16,97.3 1 0
github.com/AlexBlackNn/metrics/internal/services/agentmetricsservice/monitor_service.go:99.2,99.6 1 0
github.com/AlexBlackNn/metrics/internal/services/agentmetricsservice/monitor_service.go:99.6,100.10 1 0
github.com/AlexBlackNn/metrics/internal/services/agentmetricsservice/monitor_service.go:101.21,103.10 2 0
github.com/AlexBlackNn/metrics/internal/services/agentmetricsservice/monitor_service.go:104.71,109.18 4 0
github.com/AlexBlackNn/metrics/internal/services/agentmetricsservice/monitor_service.go:109.18,111.13 2 0
github.com/AlexBlackNn/metrics/internal/services/agentmetricsservice/monitor_service.go:113.4,117.21 5 0
github.com/AlexBlackNn/metrics/internal/services/agentmetricsservice/monitor_service.go:123.76,127.2 3 0
github.com/AlexBlackNn/metrics/internal/services/agentmetricsservice/monitor_service.go:129.67,135.16 3 0
github.com/AlexBlackNn/metrics/internal/services/agentmetricsservice/monitor_service.go:135.16,137.3 1 0
github.com/AlexBlackNn/metrics/internal/services/agentmetricsservice/monitor_service.go:140.2,141.37 2 0
github.com/AlexBlackNn/metrics/internal/services/agentmetricsservice/monitor_service.go:141.37,143.3 1 0
github.com/AlexBlackNn/metrics/internal/services/agentmetricsservice/monitor_service.go:144.2,144.45 1 0
github.com/AlexBlackNn/metrics/internal/services/metricsservice/metric_service.go:50.18,57.2 1 0
github.com/AlexBlackNn/metrics/internal/services/metricsservice/metric_service.go:60.104,66.56 3 0
github.com/AlexBlackNn/metrics/internal/services/metricsservice/metric_service.go:66.56,69.48 2 0
github.com/AlexBlackNn/metrics/internal/services/metricsservice/metric_service.go:69.48,71.18 2 0
github.com/AlexBlackNn/metrics/internal/services/metricsservice/metric_service.go:71.18,74.5 2 0
github.com/AlexBlackNn/metrics/internal/services/metricsservice/metric_service.go:75.4,75.14 1 0
github.com/AlexBlackNn/metrics/internal/services/metricsservice/metric_service.go:77.3,77.17 1 0
github.com/AlexBlackNn/metrics/internal/services/metricsservice/metric_service.go:77.17,80.4 2 0
github.com/AlexBlackNn/metrics/internal/services/metricsservice/metric_service.go:81.3,82.17 2 0
github.com/AlexBlackNn/metrics/internal/services/metricsservice/metric_service.go:82.17,85.4 2 0
github.com/AlexBlackNn/metrics/internal/services/metricsservice/metric_service.go:86.3,87.17 2 0
github.com/AlexBlackNn/metrics/internal/services/metricsservice/metric_service.go:87.17,90.4 2 0
github.com/AlexBlackNn/metrics/internal/services/metricsservice/metric_service.go:91.3,91.13 1 0
github.com/AlexBlackNn/metrics/internal/services/metricsservice/metric_service.go:93.2,94.16 2 0
github.com/AlexBlackNn/metrics/internal/services/metricsservice/metric_service.go:94.16,97.3 2 0
github.com/AlexBlackNn/metrics/internal/services/metricsservice/metric_service.go:98.2,99.12 2 0
github.com/AlexBlackNn/metrics/internal/services/metricsservice/metric_service.go:103.110,114.36 4 0
github.com/AlexBlackNn/metrics/internal/services/metricsservice/metric_service.go:114.36,116.96 1 0
github.com/AlexBlackNn/metrics/internal/services/metricsservice/metric_service.go:116.96,118.18 2 0
github.com/AlexBlackNn/metrics/internal/services/metricsservice/metric_service.go:118.18,121.5 2 0
github.com/AlexBlackNn/metrics/internal/services/metricsservice/metric_service.go:124.9,124.46 1 0
github.com/AlexBlackNn/metrics/internal/services/metricsservice/metric_service.go:124.46,127.18 2 0
github.com/AlexBlackNn/metrics/internal/services/metricsservice/metric_service.go:127.18,128.51 1 0
github.com/AlexBlackNn/metrics/internal/services/metricsservice/metric_service.go:128.51,131.6 2 0
github.com/AlexBlackNn/metrics/internal/services/metricsservice/metric_service.go:133.4,133.49 1 0
github.com/AlexBlackNn/metrics/internal/services/metricsservice/metric_service.go:133.49,136.13 3 0
github.com/AlexBlackNn/metrics/internal/services/metricsservice/metric_service.go:139.4,140.18 2 0
github.com/AlexBlackNn/metrics/internal/services/metricsservice/metric_service.go:140.18,143.5 2 0
github.com/AlexBlackNn/metrics/internal/services/metricsservice/metric_service.go:145.3,145.53 1 0
github.com/AlexBlackNn/metrics/internal/services/metricsservice/metric_service.go:148.2,149.16 2 0
github.com/AlexBlackNn/metrics/internal/services/metricsservice/metric_service.go:149.16,152.3 2 0
github.com/AlexBlackNn/metrics/internal/services/metricsservice/metric_service.go:153.2,154.12 2 0
github.com/AlexBlackNn/metrics/internal/services/metricsservice/metric_service.go:158.122,164.16 4 0
github.com/AlexBlackNn/metrics/internal/services/metricsservice/metric_service.go:164.16,165.48 1 0
github.com/AlexBlackNn/metrics/internal/services/metricsservice/metric_service.go:165.48,167.4 1 0
github.com/AlexBlackNn/metrics/internal/services/metricsservice/metric_service.go:168.3,169.35 2 0
github.com/AlexBlackNn/metrics/internal/services/metricsservice/metric_service.go:171.2,172.20 2 0
github.com/AlexBlackNn/metrics/internal/services/metricsservice/metric_service.go:176.92,184.16 4 0
github.com/AlexBlackNn/metrics/internal/services/metricsservice/metric_service.go:184.16,186.48 2 0
github.com/AlexBlackNn/metrics/internal/services/metricsservice/metric_service.go:186.48,188.4 1 0
github.com/AlexBlackNn/metrics/internal/services/metricsservice/metric_service.go:189.3,189.38 1 0
github.com/AlexBlackNn/metrics/internal/services/metricsservice/metric_service.go:191.2,192.21 2 0
github.com/AlexBlackNn/metrics/internal/services/metricsservice/metric_service.go:196.65,203.2 4 0
github.com/AlexBlackNn/metrics/pkg/storage/memstorage/database.go:10.54,15.60 2 0
github.com/AlexBlackNn/metrics/pkg/storage/memstorage/database.go:15.60,17.3 1 0
github.com/AlexBlackNn/metrics/pkg/storage/memstorage/database.go:18.2,18.33 1 0
github.com/AlexBlackNn/metrics/pkg/storage/memstorage/database.go:18.33,21.17 3 0
github.com/AlexBlackNn/metrics/pkg/storage/memstorage/database.go:21.17,23.4 1 0
github.com/AlexBlackNn/metrics/pkg/storage/memstorage/database.go:24.3,24.25 1 0
github.com/AlexBlackNn/metrics/pkg/storage/memstorage/database.go:26.2,26.12 1 0
github.com/AlexBlackNn/metrics/pkg/storage/memstorage/gob_state_manager.go:16.13,22.2 4 0
github.com/AlexBlackNn/metrics/pkg/storage/memstorage/gob_state_manager.go:33.74,43.2 1 0
github.com/AlexBlackNn/metrics/pkg/storage/memstorage/gob_state_manager.go:46.76,56.2 1 0
github.com/AlexBlackNn/metrics/pkg/storage/memstorage/gob_state_manager.go:58.56,69.16 6 0
github.com/AlexBlackNn/metrics/pkg/storage/memstorage/gob_state_manager.go:69.16,71.3 1 0
github.com/AlexBlackNn/metrics/pkg/storage/memstorage/gob_state_manager.go:72.2,72.28 1 0
github.com/AlexBlackNn/metrics/pkg/storage/memstorage/gob_state_manager.go:72.28,74.17 2 0
github.com/AlexBlackNn/metrics/pkg/storage/memstorage/gob_state_manager.go:74.17,76.4 1 0
github.com/AlexBlackNn/metrics/pkg/storage/memstorage/gob_state_manager.go:78.2,81.61 4 0
github.com/AlexBlackNn/metrics/pkg/storage/memstorage/gob_state_manager.go:81.61,84.3 2 0
github.com/AlexBlackNn/metrics/pkg/storage/memstorage/gob_state_manager.go:85.2,86.16 2 0
github.com/AlexBlackNn/metrics/pkg/storage/memstorage/gob_state_manager.go:86.16,88.3 1 0
github.com/AlexBlackNn/metrics/pkg/storage/memstorage/gob_state_manager.go:89.2,89.12 1 0
github.com/AlexBlackNn/metrics/pkg/storage/memstorage/gob_state_manager.go:92.59,102.16 6 0
github.com/AlexBlackNn/metrics/pkg/storage/memstorage/gob_state_manager.go:102.16,104.3 1 0
github.com/AlexBlackNn/metrics/pkg/storage/memstorage/gob_state_manager.go:105.2,105.28 1 0
github.com/AlexBlackNn/metrics/pkg/storage/memstorage/gob_state_manager.go:105.28,107.17 2 0
github.com/AlexBlackNn/metrics/pkg/storage/memstorage/gob_state_manager.go:107.17,109.4 1 0
github.com/AlexBlackNn/metrics/pkg/storage/memstorage/gob_state_manager.go:112.2,117.48 4 0
github.com/AlexBlackNn/metrics/pkg/storage/memstorage/gob_state_manager.go:117.48,119.3 1 0
github.com/AlexBlackNn/metrics/pkg/storage/memstorage/gob_state_manager.go:120.2,120.32 1 0
github.com/AlexBlackNn/metrics/pkg/storage/memstorage/gob_state_manager.go:120.32,121.24 1 0
github.com/AlexBlackNn/metrics/pkg/storage/memstorage/gob_state_manager.go:122.30,123.17 1 0
github.com/AlexBlackNn/metrics/pkg/storage/memstorage/gob_state_manager.go:124.31,125.17 1 0
github.com/AlexBlackNn/metrics/pkg/storage/memstorage/gob_state_manager.go:126.11,127.37 1 0
github.com/AlexBlackNn/metrics/pkg/storage/memstorage/gob_state_manager.go:130.2,130.12 1 0
github.com/AlexBlackNn/metrics/pkg/storage/memstorage/json_state_manager.go:22.57,32.16 6 0
github.com/AlexBlackNn/metrics/pkg/storage/memstorage/json_state_manager.go:32.16,37.3 1 0
github.com/AlexBlackNn/metrics/pkg/storage/memstorage/json_state_manager.go:38.2,38.28 1 0
github.com/AlexBlackNn/metrics/pkg/storage/memstorage/json_state_manager.go:38.28,40.17 2 0
github.com/AlexBlackNn/metrics/pkg/storage/memstorage/json_state_manager.go:40.17,42.4 1 0
github.com/AlexBlackNn/metrics/pkg/storage/memstorage/json_state_manager.go:44.2,48.16 4 0
github.com/AlexBlackNn/metrics/pkg/storage/memstorage/json_state_manager.go:48.16,50.3 1 0
github.com/AlexBlackNn/metrics/pkg/storage/memstorage/json_state_manager.go:51.2,52.16 2 0
github.com/AlexBlackNn/metrics/pkg/storage/memstorage/json_state_manager.go:52.16,54.3 1 0
github.com/AlexBlackNn/metrics/pkg/storage/memstorage/json_state_manager.go:55.2,55.12 1 0
github.com/AlexBlackNn/metrics/pkg/storage/memstorage/json_state_manager.go:58.60,69.16 6 0
github.com/AlexBlackNn/metrics/pkg/storage/memstorage/json_state_manager.go:69.16,71.3 1 0
github.com/AlexBlackNn/metrics/pkg/storage/memstorage/json_state_manager.go:72.2,72.28 1 0
github.com/AlexBlackNn/metrics/pkg/storage/memstorage/json_state_manager.go:72.28,74.17 2 0
github.com/AlexBlackNn/metrics/pkg/storage/memstorage/json_state_manager.go:74.17,76.4 1 0
github.com/AlexBlackNn/metrics/pkg/storage/memstorage/json_state_manager.go:79.2,81.16 3 0
github.com/AlexBlackNn/metrics/pkg/storage/memstorage/json_state_manager.go:81.16,86.3 1 0
github.com/AlexBlackNn/metrics/pkg/storage/memstorage/json_state_manager.go:88.2,88.42 1 0
github.com/AlexBlackNn/metrics/pkg/storage/memstorage/mem_storage.go:29.75,41.12 4 0
github.com/AlexBlackNn/metrics/pkg/storage/memstorage/mem_storage.go:41.12,43.3 1 0
github.com/AlexBlackNn/metrics/pkg/storage/memstorage/mem_storage.go:45.2,45.23 1 0
github.com/AlexBlackNn/metrics/pkg/storage/memstorage/mem_storage.go:45.23,47.3 1 0
github.com/AlexBlackNn/metrics/pkg/storage/memstorage/mem_storage.go:48.2,48.25 1 0
github.com/AlexBlackNn/metrics/pkg/storage/memstorage/mem_storage.go:52.42,57.6 3 0
github.com/AlexBlackNn/metrics/pkg/storage/memstorage/mem_storage.go:57.6,58.37 1 0
github.com/AlexBlackNn/metrics/pkg/storage/memstorage/mem_storage.go:58.37,62.18 4 0
github.com/AlexBlackNn/metrics/pkg/storage/memstorage/mem_storage.go:62.18,64.5 1 0
github.com/AlexBlackNn/metrics/pkg/storage/memstorage/mem_storage.go:64.10,66.5 1 0
github.com/AlexBlackNn/metrics/pkg/storage/memstorage/mem_storage.go:67.9,71.18 4 0
github.com/AlexBlackNn/metrics/pkg/storage/memstorage/mem_storage.go:71.18,73.5 1 0
github.com/AlexBlackNn/metrics/pkg/storage/memstorage/mem_storage.go:73.10,75.5 1 0
github.com/AlexBlackNn/metrics/pkg/storage/memstorage/mem_storage.go:82.9,84.2 1 0
github.com/AlexBlackNn/metrics/pkg/storage/memstorage/mem_storage.go:90.9,91.9 1 0
github.com/AlexBlackNn/metrics/pkg/storage/memstorage/mem_storage.go:92.20,93.87 1 0
github.com/AlexBlackNn/metrics/pkg/storage/memstorage/mem_storage.go:94.10,98.38 4 0
github.com/AlexBlackNn/metrics/pkg/storage/memstorage/mem_storage.go:98.38,100.4 1 0
github.com/AlexBlackNn/metrics/pkg/storage/memstorage/mem_storage.go:101.3,101.13 1 0
github.com/AlexBlackNn/metrics/pkg/storage/memstorage/mem_storage.go:109.32,110.9 1 0
github.com/AlexBlackNn/metrics/pkg/storage/memstorage/mem_storage.go:111.20,112.92 1 0
github.com/AlexBlackNn/metrics/pkg/storage/memstorage/mem_storage.go:113.10,117.10 4 0
github.com/AlexBlackNn/metrics/pkg/storage/memstorage/mem_storage.go:117.10,122.4 1 0
github.com/AlexBlackNn/metrics/pkg/storage/memstorage/mem_storage.go:123.3,123.21 1 0
github.com/AlexBlackNn/metrics/pkg/storage/memstorage/mem_storage.go:130.9,131.9 1 0
github.com/AlexBlackNn/metrics/pkg/storage/memstorage/mem_storage.go:132.20,133.87 1 0
github.com/AlexBlackNn/metrics/pkg/storage/memstorage/mem_storage.go:134.10,137.37 3 0
github.com/AlexBlackNn/metrics/pkg/storage/memstorage/mem_storage.go:137.37,139.4 1 0
github.com/AlexBlackNn/metrics/pkg/storage/memstorage/mem_storage.go:140.3,140.13 1 0
github.com/AlexBlackNn/metrics/pkg/storage/memstorage/mem_storage.go:147.34,148.9 1 0
github.com/AlexBlackNn/metrics/pkg/storage/memstorage/mem_storage.go:149.20,150.92 1 0
github.com/AlexBlackNn/metrics/pkg/storage/memstorage/mem_storage.go:151.10,153.22 2 0
github.com/AlexBlackNn/metrics/pkg/storage/memstorage/mem_storage.go:153.22,158.4 1 0
github.com/AlexBlackNn/metrics/pkg/storage/memstorage/mem_storage.go:159.3,161.35 3 0
github.com/AlexBlackNn/metrics/pkg/storage/memstorage/mem_storage.go:161.35,163.4 1 0
github.com/AlexBlackNn/metrics/pkg/storage/memstorage/mem_storage.go:164.3,164.22 1 0
github.com/AlexBlackNn/metrics/pkg/storage/memstorage/temp_metric.go:16.39,18.2 1 0
github.com/AlexBlackNn/metrics/pkg/storage/memstorage/temp_metric.go:20.39,22.2 1 0
github.com/AlexBlackNn/metrics/pkg/storage/memstorage/temp_metric.go:24.37,26.2 1 0
github.com/AlexBlackNn/metrics/pkg/storage/memstorage/temp_metric.go:28.46,29.21 1 0
github.com/AlexBlackNn/metrics/pkg/storage/memstorage/temp_metric.go:30.38,31.46 1 0
github.com/AlexBlackNn/metrics/pkg/storage/memstorage/temp_metric.go:31.46,33.4 1 0
github.com/AlexBlackNn/metrics/pkg/storage/memstorage/temp_metric.go:34.3,34.44 1 0
github.com/AlexBlackNn/metrics/pkg/storage/memstorage/temp_metric.go:34.44,36.4 1 0
github.com/AlexBlackNn/metrics/pkg/storage/memstorage/temp_metric.go:37.10,38.41 1 0
github.com/AlexBlackNn/metrics/pkg/storage/memstorage/temp_metric.go:40.2,40.11 1 0
github.com/AlexBlackNn/metrics/pkg/storage/mockstorage/mock_storage.go:27.73,31.2 3 0
github.com/AlexBlackNn/metrics/pkg/storage/mockstorage/mock_storage.go:34.71,36.2 1 0
github.com/AlexBlackNn/metrics/pkg/storage/mockstorage/mock_storage.go:39.97,45.2 5 0
github.com/AlexBlackNn/metrics/pkg/storage/mockstorage/mock_storage.go:48.88,51.2 2 0
github.com/AlexBlackNn/metrics/pkg/storage/mockstorage/mock_storage.go:54.117,60.2 5 0
github.com/AlexBlackNn/metrics/pkg/storage/mockstorage/mock_storage.go:63.90,66.2 2 0
github.com/AlexBlackNn/metrics/pkg/storage/mockstorage/mock_storage.go:69.97,74.2 4 0
github.com/AlexBlackNn/metrics/pkg/storage/mockstorage/mock_storage.go:77.93,80.2 2 0
github.com/AlexBlackNn/metrics/pkg/storage/mockstorage/mock_storage.go:83.116,88.2 4 0
github.com/AlexBlackNn/metrics/pkg/storage/mockstorage/mock_storage.go:91.101,94.2 2 0
github.com/AlexBlackNn/metrics/pkg/storage/mockstorage/mock_storage.go:108.71,112.2 3 0
github.com/AlexBlackNn/metrics/pkg/storage/mockstorage/mock_storage.go:115.69,117.2 1 0
github.com/AlexBlackNn/metrics/pkg/storage/mockstorage/mock_storage.go:120.69,125.2 4 0
github.com/AlexBlackNn/metrics/pkg/storage/mockstorage/mock_storage.go:128.85,131.2 2 0
github.com/AlexBlackNn/metrics/pkg/storage/postgres/postgres.go:25.44,27.2 1 0
github.com/AlexBlackNn/metrics/pkg/storage/postgres/postgres.go:30.76,32.16 2 0
github.com/AlexBlackNn/metrics/pkg/storage/postgres/postgres.go:32.16,38.3 2 0
github.com/AlexBlackNn/metrics/pkg/storage/postgres/postgres.go:39.2,39.55 1 0
github.com/AlexBlackNn/metrics/pkg/storage/postgres/postgres.go:43.36,45.2 1 0
github.com/AlexBlackNn/metrics/pkg/storage/postgres/postgres.go:51.9,54.16 3 0
github.com/AlexBlackNn/metrics/pkg/storage/postgres/postgres.go:54.16,59.3 1 0
github.com/AlexBlackNn/metrics/pkg/storage/postgres/postgres.go:61.2,64.16 2 0
github.com/AlexBlackNn/metrics/pkg/storage/postgres/postgres.go:64.16,69.3 1 0
github.com/AlexBlackNn/metrics/pkg/storage/postgres/postgres.go:70.2,70.12 1 0
github.com/AlexBlackNn/metrics/pkg/storage/postgres/postgres.go:77.9,79.16 2 0
github.com/AlexBlackNn/metrics/pkg/storage/postgres/postgres.go:79.16,84.3 1 0
github.com/AlexBlackNn/metrics/pkg/storage/postgres/postgres.go:85.2,85.25 1 0
github.com/AlexBlackNn/metrics/pkg/storage/postgres/postgres.go:85.25,87.3 1 0
github.com/AlexBlackNn/metrics/pkg/storage/postgres/postgres.go:89.2,95.46 5 0
github.com/AlexBlackNn/metrics/pkg/storage/postgres/postgres.go:95.46,97.17 2 0
github.com/AlexBlackNn/metrics/pkg/storage/postgres/postgres.go:97.17,102.4 1 0
github.com/AlexBlackNn/metrics/pkg/storage/postgres/postgres.go:103.3,103.28 1 0
github.com/AlexBlackNn/metrics/pkg/storage/postgres/postgres.go:109.2,109.15 1 0
github.com/AlexBlackNn/metrics/pkg/storage/postgres/postgres.go:109.15,110.46 1 0
github.com/AlexBlackNn/metrics/pkg/storage/postgres/postgres.go:110.46,112.4 1 0
github.com/AlexBlackNn/metrics/pkg/storage/postgres/postgres.go:115.2,115.36 1 0
github.com/AlexBlackNn/metrics/pkg/storage/postgres/postgres.go:115.36,119.17 2 0
github.com/AlexBlackNn/metrics/pkg/storage/postgres/postgres.go:119.17,124.4 1 0
github.com/AlexBlackNn/metrics/pkg/storage/postgres/postgres.go:126.2,126.20 1 0
github.com/AlexBlackNn/metrics/pkg/storage/postgres/postgres.go:133.32,137.16 3 0
github.com/AlexBlackNn/metrics/pkg/storage/postgres/postgres.go:137.16,139.3 1 0
github.com/AlexBlackNn/metrics/pkg/storage/postgres/postgres.go:141.2,149.16 4 0
github.com/AlexBlackNn/metrics/pkg/storage/postgres/postgres.go:149.16,150.36 1 0
github.com/AlexBlackNn/metrics/pkg/storage/postgres/postgres.go:150.36,155.4 1 0
github.com/AlexBlackNn/metrics/pkg/storage/postgres/postgres.go:156.3,159.4 1 0
github.com/AlexBlackNn/metrics/pkg/storage/postgres/postgres.go:161.2,166.16 2 0
github.com/AlexBlackNn/metrics/pkg/storage/postgres/postgres.go:166.16,171.3 1 0
github.com/AlexBlackNn/metrics/pkg/storage/postgres/postgres.go:172.2,172.22 1 0
github.com/AlexBlackNn/metrics/pkg/storage/postgres/postgres.go:178.34,184.16 4 0
github.com/AlexBlackNn/metrics/pkg/storage/postgres/postgres.go:184.16,186.3 1 0
github.com/AlexBlackNn/metrics/pkg/storage/postgres/postgres.go:188.2,192.16 2 0
github.com/AlexBlackNn/metrics/pkg/storage/postgres/postgres.go:192.16,197.3 1 0
github.com/AlexBlackNn/metrics/pkg/storage/postgres/postgres.go:198.2,198.29 1 0
github.com/AlexBlackNn/metrics/pkg/storage/postgres/postgres.go:198.29,200.3 1 0
github.com/AlexBlackNn/metrics/pkg/storage/postgres/postgres.go:202.2,202.18 1 0
github.com/AlexBlackNn/metrics/pkg/storage/postgres/postgres.go:202.18,205.17 3 0
github.com/AlexBlackNn/metrics/pkg/storage/postgres/postgres.go:205.17,210.4 1 0
github.com/AlexBlackNn/metrics/pkg/storage/postgres/postgres.go:212.3,217.17 2 0
github.com/AlexBlackNn/metrics/pkg/storage/postgres/postgres.go:217.17,222.4 1 0
github.com/AlexBlackNn/metrics/pkg/storage/postgres/postgres.go:223.3,223.38 1 0
github.com/AlexBlackNn/metrics/pkg/storage/postgres/postgres.go:225.2,226.16 2 0
github.com/AlexBlackNn/metrics/pkg/storage/postgres/postgres.go:226.16,231.3 1 0
github.com/AlexBlackNn/metrics/pkg/storage/postgres/postgres.go:232.2,232.21 1 0
github.com/AlexBlackNn/metrics/pkg/storage/postgres/postgres.go:238.9,240.16 2 0
github.com/AlexBlackNn/metrics/pkg/storage/postgres/postgres.go:240.16,245.3 1 0
github.com/AlexBlackNn/metrics/pkg/storage/postgres/postgres.go:246.2,246.12 1 0
github.com/AlexBlackNn/metrics/pkg/storage/postgres/sql.go:7.25,76.2 5 0
github.com/AlexBlackNn/metrics/pkg/storage/postgres/temp_metric.go:17.39,19.2 1 0
github.com/AlexBlackNn/metrics/pkg/storage/postgres/temp_metric.go:21.39,23.2 1 0
github.com/AlexBlackNn/metrics/pkg/storage/postgres/temp_metric.go:25.37,27.2 1 0
github.com/AlexBlackNn/metrics/pkg/storage/postgres/temp_metric.go:29.46,30.21 1 0
github.com/AlexBlackNn/metrics/pkg/storage/postgres/temp_metric.go:31.38,32.46 1 0
github.com/AlexBlackNn/metrics/pkg/storage/postgres/temp_metric.go:32.46,34.4 1 0
github.com/AlexBlackNn/metrics/pkg/storage/postgres/temp_metric.go:35.3,35.44 1 0
github.com/AlexBlackNn/metrics/pkg/storage/postgres/temp_metric.go:35.44,37.4 1 0
github.com/AlexBlackNn/metrics/pkg/storage/postgres/temp_metric.go:38.10,39.41 1 0
github.com/AlexBlackNn/metrics/pkg/storage/postgres/temp_metric.go:41.2,41.11 1 0
github.com/AlexBlackNn/metrics/cmd/agent/main.go:16.13,20.16 3 0
github.com/AlexBlackNn/metrics/cmd/agent/main.go:20.16,21.13 1 0
github.com/AlexBlackNn/metrics/cmd/agent/main.go:24.2,36.12 9 0
github.com/AlexBlackNn/metrics/cmd/agent/main.go:36.12,40.3 3 0
github.com/AlexBlackNn/metrics/cmd/agent/main.go:42.2,42.12 1 0
github.com/AlexBlackNn/metrics/cmd/agent/main.go:42.12,45.3 2 0
github.com/AlexBlackNn/metrics/cmd/agent/main.go:47.2,47.12 1 0
github.com/AlexBlackNn/metrics/cmd/agent/main.go:47.12,50.3 2 0
github.com/AlexBlackNn/metrics/cmd/agent/main.go:52.2,52.12 1 0
github.com/AlexBlackNn/metrics/cmd/agent/main.go:52.12,55.3 2 0
github.com/AlexBlackNn/metrics/cmd/agent/main.go:57.2,57.11 1 0
github.com/AlexBlackNn/metrics/app/server/app.go:64.26,67.16 2 0
github.com/AlexBlackNn/metrics/app/server/app.go:67.16,69.3 1 0
github.com/AlexBlackNn/metrics/app/server/app.go:71.2,74.33 2 0
github.com/AlexBlackNn/metrics/app/server/app.go:74.33,76.17 2 0
github.com/AlexBlackNn/metrics/app/server/app.go:76.17,78.4 1 0
github.com/AlexBlackNn/metrics/app/server/app.go:79.3,81.17 3 0
github.com/AlexBlackNn/metrics/app/server/app.go:81.17,82.34 1 0
github.com/AlexBlackNn/metrics/app/server/app.go:82.34,85.5 2 0
github.com/AlexBlackNn/metrics/app/server/app.go:86.4,87.72 2 0
github.com/AlexBlackNn/metrics/app/server/app.go:89.3,90.71 2 0
github.com/AlexBlackNn/metrics/app/server/app.go:92.2,93.16 2 0
github.com/AlexBlackNn/metrics/app/server/app.go:93.16,95.3 1 0
github.com/AlexBlackNn/metrics/app/server/app.go:96.2,96.60 1 0
github.com/AlexBlackNn/metrics/app/server/app.go:99.119,140.2 7 0
github.com/AlexBlackNn/metrics/cmd/server/router/chi_router.go:28.12,41.39 6 0
github.com/AlexBlackNn/metrics/cmd/server/router/chi_router.go:41.39,51.3 9 0
github.com/AlexBlackNn/metrics/cmd/server/router/chi_router.go:52.2,54.46 3 0
github.com/AlexBlackNn/metrics/cmd/server/router/chi_router.go:54.46,58.3 1 0
github.com/AlexBlackNn/metrics/cmd/server/router/chi_router.go:59.2,59.15 1 0
github.com/AlexBlackNn/metrics/cmd/server/docs/docs.go:189.13,191.2 1 0
github.com/AlexBlackNn/metrics/cmd/server/migrator/main.go:15.13,40.26 6 0
github.com/AlexBlackNn/metrics/cmd/server/migrator/main.go:40.26,41.39 1 0
github.com/AlexBlackNn/metrics/cmd/server/migrator/main.go:44.2,48.16 2 0
github.com/AlexBlackNn/metrics/cmd/server/migrator/main.go:48.16,49.13 1 0
github.com/AlexBlackNn/metrics/cmd/server/migrator/main.go:51.2,51.31 1 0
github.com/AlexBlackNn/metrics/cmd/server/migrator/main.go:51.31,52.42 1 0
github.com/AlexBlackNn/metrics/cmd/server/migrator/main.go:52.42,55.4 2 0
github.com/AlexBlackNn/metrics/cmd/server/migrator/main.go:56.3,56.13 1 0
github.com/AlexBlackNn/metrics/cmd/server/migrator/main.go:58.2,58.48 1 0
github.com/AlexBlackNn/metrics/cmd/server/main.go:21.13,24.16 2 0
github.com/AlexBlackNn/metrics/cmd/server/main.go:24.16,25.13 1 0
github.com/AlexBlackNn/metrics/cmd/server/main.go:27.2,31.12 4 0
github.com/AlexBlackNn/metrics/cmd/server/main.go:31.12,32.57 1 0
github.com/AlexBlackNn/metrics/cmd/server/main.go:32.57,33.14 1 0
github.com/AlexBlackNn/metrics/cmd/server/main.go:36.2,43.3 3 0
github.com/AlexBlackNn/metrics/internal/config/configserver/config.go:35.34,50.2 1 0
github.com/AlexBlackNn/metrics/internal/config/configserver/config.go:56.29,72.22 13 0
github.com/AlexBlackNn/metrics/internal/config/configserver/config.go:72.22,74.3 1 0
github.com/AlexBlackNn/metrics/internal/config/configserver/config.go:75.2,75.22 1 0
github.com/AlexBlackNn/metrics/internal/config/configserver/config.go:75.22,77.17 2 0
github.com/AlexBlackNn/metrics/internal/config/configserver/config.go:77.17,79.4 1 0
github.com/AlexBlackNn/metrics/internal/config/configserver/config.go:80.3,80.18 1 0
github.com/AlexBlackNn/metrics/internal/config/configserver/config.go:83.2,84.16 2 0
github.com/AlexBlackNn/metrics/internal/config/configserver/config.go:84.16,86.3 1 0
github.com/AlexBlackNn/metrics/internal/config/configserver/config.go:87.2,87.17 1 0
github.com/AlexBlackNn/metrics/internal/config/configserver/config.go:91.53,93.16 2 0
github.com/AlexBlackNn/metrics/internal/config/configserver/config.go:93.16,94.25 1 0
github.com/AlexBlackNn/metrics/internal/config/configserver/config.go:94.25,96.4 1 0
github.com/AlexBlackNn/metrics/internal/config/configserver/config.go:97.3,97.59 1 0
github.com/AlexBlackNn/metrics/internal/config/configserver/config.go:99.2,100.62 2 0
github.com/AlexBlackNn/metrics/internal/config/configserver/config.go:100.62,102.3 1 0
github.com/AlexBlackNn/metrics/internal/config/configserver/config.go:103.2,103.18 1 0
github.com/AlexBlackNn/metrics/internal/config/configagent/config.go:34.34,47.2 1 0
github.com/AlexBlackNn/metrics/internal/config/configagent/config.go:53.29,68.22 13 0
github.com/AlexBlackNn/metrics/internal/config/configagent/config.go:68.22,70.3 1 0
github.com/AlexBlackNn/metrics/internal/config/configagent/config.go:71.2,71.22 1 0
github.com/AlexBlackNn/metrics/internal/config/configagent/config.go:71.22,73.17 2 0
github.com/AlexBlackNn/metrics/internal/config/configagent/config.go:73.17,75.4 1 0
github.com/AlexBlackNn/metrics/internal/config/configagent/config.go:76.3,76.18 1 0
github.com/AlexBlackNn/metrics/internal/config/configagent/config.go:79.2,80.16 2 0
github.com/AlexBlackNn/metrics/internal/config/configagent/config.go:80.16,82.3 1 0
github.com/AlexBlackNn/metrics/internal/config/configagent/config.go:83.2,83.17 1 0
github.com/AlexBlackNn/metrics/internal/config/configagent/config.go:87.53,88.55 1 0
github.com/AlexBlackNn/metrics/internal/config/configagent/config.go:88.55,90.3 1 0
github.com/AlexBlackNn/metrics/internal/config/configagent/config.go:92.2,93.62 2 0
github.com/AlexBlackNn/metrics/internal/config/configagent/config.go:93.62,95.3 1 0
github.com/AlexBlackNn/metrics/internal/config/configagent/config.go:96.2,96.18 1 0
github.com/AlexBlackNn/metrics/internal/domain/models/metric.go:34.38,36.2 1 0
github.com/AlexBlackNn/metrics/internal/domain/models/metric.go:38.38,40.2 1 0
github.com/AlexBlackNn/metrics/internal/domain/models/metric.go:42.36,44.2 1 0
github.com/AlexBlackNn/metrics/internal/domain/models/metric.go:46.45,48.29 1 0
github.com/AlexBlackNn/metrics/internal/domain/models/metric.go:49.22,50.41 1 0
github.com/AlexBlackNn/metrics/internal/domain/models/metric.go:51.10,52.41 1 0
github.com/AlexBlackNn/metrics/internal/domain/models/metric.go:57.56,58.36 1 0
github.com/AlexBlackNn/metrics/internal/domain/models/metric.go:58.36,60.3 1 0
github.com/AlexBlackNn/metrics/internal/domain/models/metric.go:61.2,61.36 1 0
github.com/AlexBlackNn/metrics/internal/domain/models/metric.go:61.36,63.3 1 0
github.com/AlexBlackNn/metrics/internal/domain/models/metric.go:66.2,66.46 1 0
github.com/AlexBlackNn/metrics/internal/domain/models/metric.go:66.46,67.51 1 0
github.com/AlexBlackNn/metrics/internal/domain/models/metric.go:67.51,69.4 1 0
github.com/AlexBlackNn/metrics/internal/domain/models/metric.go:71.2,71.45 1 0
github.com/AlexBlackNn/metrics/internal/domain/models/metric.go:71.45,72.50 1 0
github.com/AlexBlackNn/metrics/internal/domain/models/metric.go:72.50,75.4 2 0
github.com/AlexBlackNn/metrics/internal/domain/models/metric.go:77.2,77.30 1 0
github.com/AlexBlackNn/metrics/internal/domain/models/metric.go:80.46,81.96 1 0
github.com/AlexBlackNn/metrics/internal/domain/models/metric.go:81.96,83.3 1 0
github.com/AlexBlackNn/metrics/internal/domain/models/metric.go:84.2,84.12 1 0
github.com/AlexBlackNn/metrics/internal/domain/models/metric.go:87.95,89.48 1 0
github.com/AlexBlackNn/metrics/internal/domain/models/metric.go:89.48,91.17 2 0
github.com/AlexBlackNn/metrics/internal/domain/models/metric.go:91.17,93.4 1 0
github.com/AlexBlackNn/metrics/internal/domain/models/metric.go:94.3,98.9 1 0
github.com/AlexBlackNn/metrics/internal/domain/models/metric.go:101.2,101.50 1 0
github.com/AlexBlackNn/metrics/internal/domain/models/metric.go:101.50,103.17 2 0
github.com/AlexBlackNn/metrics/internal/domain/models/metric.go:103.17,105.4 1 0
github.com/AlexBlackNn/metrics/internal/domain/models/metric.go:106.3,110.9 1 0
github.com/AlexBlackNn/metrics/internal/domain/models/metric.go:112.2,112.35 1 0
github.com/AlexBlackNn/metrics/internal/handlers/v1/metrics_handlers.go:23.89,25.2 1 0
github.com/AlexBlackNn/metrics/internal/handlers/v1/metrics_handlers.go:27.80,28.32 1 0
github.com/AlexBlackNn/metrics/internal/handlers/v1/metrics_handlers.go:28.32,31.3 2 0
github.com/AlexBlackNn/metrics/internal/handlers/v1/metrics_handlers.go:33.2,35.54 3 0
github.com/AlexBlackNn/metrics/internal/handlers/v1/metrics_handlers.go:35.54,38.3 2 0
github.com/AlexBlackNn/metrics/internal/handlers/v1/metrics_handlers.go:39.2,40.16 2 0
github.com/AlexBlackNn/metrics/internal/handlers/v1/metrics_handlers.go:40.16,44.3 3 0
github.com/AlexBlackNn/metrics/internal/handlers/v1/metrics_handlers.go:45.2,47.16 3 0
github.com/AlexBlackNn/metrics/internal/handlers/v1/metrics_handlers.go:47.16,51.3 3 0
github.com/AlexBlackNn/metrics/internal/handlers/v1/metrics_handlers.go:53.2,56.49 4 0
github.com/AlexBlackNn/metrics/internal/handlers/v1/metrics_handlers.go:56.49,60.3 3 0
github.com/AlexBlackNn/metrics/internal/handlers/v1/metrics_handlers.go:63.79,64.32 1 0
github.com/AlexBlackNn/metrics/internal/handlers/v1/metrics_handlers.go:64.32,67.3 2 0
github.com/AlexBlackNn/metrics/internal/handlers/v1/metrics_handlers.go:69.2,70.16 2 0
github.com/AlexBlackNn/metrics/internal/handlers/v1/metrics_handlers.go:70.16,73.3 2 0
github.com/AlexBlackNn/metrics/internal/handlers/v1/metrics_handlers.go:75.2,77.16 3 0
github.com/AlexBlackNn/metrics/internal/handlers/v1/metrics_handlers.go:77.16,80.3 2 0
github.com/AlexBlackNn/metrics/internal/handlers/v1/metrics_handlers.go:81.2,82.54 2 0
github.com/AlexBlackNn/metrics/internal/handlers/v1/metrics_handlers.go:82.54,85.3 2 0
github.com/AlexBlackNn/metrics/internal/handlers/v1/metrics_handlers.go:86.2,86.16 1 0
github.com/AlexBlackNn/metrics/internal/handlers/v1/metrics_handlers.go:86.16,89.3 2 0
github.com/AlexBlackNn/metrics/internal/handlers/v1/metrics_handlers.go:91.2,94.63 4 0
github.com/AlexBlackNn/metrics/internal/handlers/v1/metrics_handlers.go:97.79,98.33 1 0
github.com/AlexBlackNn/metrics/internal/handlers/v1/metrics_handlers.go:98.33,101.3 2 0
github.com/AlexBlackNn/metrics/internal/handlers/v1/metrics_handlers.go:103.2,108.16 2 0
github.com/AlexBlackNn/metrics/internal/handlers/v1/metrics_handlers.go:108.16,111.3 2 0
github.com/AlexBlackNn/metrics/internal/handlers/v1/metrics_handlers.go:113.2,115.51 3 0
github.com/AlexBlackNn/metrics/internal/handlers/v1/metrics_handlers.go:115.51,118.3 2 0
github.com/AlexBlackNn/metrics/internal/handlers/v1/metrics_handlers.go:119.2,119.16 1 0
github.com/AlexBlackNn/metrics/internal/handlers/v1/metrics_handlers.go:119.16,122.3 2 0
github.com/AlexBlackNn/metrics/internal/handlers/v1/metrics_handlers.go:124.2,126.30 3 0
github.com/AlexBlackNn/metrics/app/agent/app.go:26.15,33.2 2 0
github.com/AlexBlackNn/metrics/app/agent/hash/hash.go:16.47,20.2 1 0
github.com/AlexBlackNn/metrics/app/agent/hash/hash.go:22.54,28.2 5 0
github.com/AlexBlackNn/metrics/app/agent/restagentsender/v1/sender.go:24.11,30.2 1 0
github.com/AlexBlackNn/metrics/app/agent/restagentsender/v1/sender.go:32.44,39.69 2 0
github.com/AlexBlackNn/metrics/app/agent/restagentsender/v1/sender.go:39.69,41.4 1 0
github.com/AlexBlackNn/metrics/app/agent/restagentsender/v1/sender.go:42.2,43.6 2 0
github.com/AlexBlackNn/metrics/app/agent/restagentsender/v1/sender.go:43.6,44.10 1 0
github.com/AlexBlackNn/metrics/app/agent/restagentsender/v1/sender.go:45.21,46.10 1 0
github.com/AlexBlackNn/metrics/app/agent/restagentsender/v1/sender.go:47.11,48.47 1 0
github.com/AlexBlackNn/metrics/app/agent/restagentsender/v1/sender.go:48.47,49.51 1 0
github.com/AlexBlackNn/metrics/app/agent/restagentsender/v1/sender.go:49.51,58.20 5 0
github.com/AlexBlackNn/metrics/app/agent/restagentsender/v1/sender.go:58.20,61.7 2 0
github.com/AlexBlackNn/metrics/app/agent/restagentsender/v1/sender.go:65.6,68.20 2 0
github.com/AlexBlackNn/metrics/app/agent/restagentsender/v1/sender.go:68.20,71.7 2 0
github.com/AlexBlackNn/metrics/app/agent/restagentsender/v1/sender.go:72.6,73.27 2 0
github.com/AlexBlackNn/metrics/app/agent/restagentsender/v1/sender.go:77.4,77.32 1 0
github.com/AlexBlackNn/metrics/app/agent/restagentsender/v2/sender.go:27.11,33.2 1 0
github.com/AlexBlackNn/metrics/app/agent/restagentsender/v2/sender.go:35.44,43.6 4 0
[...]
github.com/AlexBlackNn/metrics/internal/services/agentmetricsservice/monitor_service.go:104.71,109.18 4 0
github.com/AlexBlackNn/metrics/internal/services/agentmetricsservice/monitor_service.go:109.18,111.13 2 0
github.com/AlexBlackNn/metrics/internal/services/agentmetricsservice/monitor_service.go:113.4,117.21 5 0
github.com/AlexBlackNn/metrics/internal/services/agentmetricsservice/monitor_service.go:123.76,127.2 3 0
github.com/AlexBlackNn/metrics/internal/services/agentmetricsservice/monitor_service.go:129.67,135.16 3 0
github.com/AlexBlackNn/metrics/internal/services/agentmetricsservice/monitor_service.go:135.16,137.3 1 0
github.com/AlexBlackNn/metrics/internal/services/agentmetricsservice/monitor_service.go:140.2,141.37 2 0
github.com/AlexBlackNn/metrics/internal/services/agentmetricsservice/monitor_service.go:141.37,143.3 1 0
github.com/AlexBlackNn/metrics/internal/services/agentmetricsservice/monitor_service.go:144.2,144.45 1 0
github.com/AlexBlackNn/metrics/internal/services/metricsservice/metric_service.go:50.18,57.2 1 1
github.com/AlexBlackNn/metrics/internal/services/metricsservice/metric_service.go:60.104,66.56 3 0
github.com/AlexBlackNn/metrics/internal/services/metricsservice/metric_service.go:66.56,69.48 2 0
github.com/AlexBlackNn/metrics/internal/services/metricsservice/metric_service.go:69.48,71.18 2 0
github.com/AlexBlackNn/metrics/internal/services/metricsservice/metric_service.go:71.18,74.5 2 0
github.com/AlexBlackNn/metrics/internal/services/metricsservice/metric_service.go:75.4,75.14 1 0
github.com/AlexBlackNn/metrics/internal/services/metricsservice/metric_service.go:77.3,77.17 1 0
github.com/AlexBlackNn/metrics/internal/services/metricsservice/metric_service.go:77.17,80.4 2 0
github.com/AlexBlackNn/metrics/internal/services/metricsservice/metric_service.go:81.3,82.17 2 0
github.com/AlexBlackNn/metrics/internal/services/metricsservice/metric_service.go:82.17,85.4 2 0
github.com/AlexBlackNn/metrics/internal/services/metricsservice/metric_service.go:86.3,87.17 2 0
github.com/AlexBlackNn/metrics/internal/services/metricsservice/metric_service.go:87.17,90.4 2 0
github.com/AlexBlackNn/metrics/internal/services/metricsservice/metric_service.go:91.3,91.13 1 0
github.com/AlexBlackNn/metrics/internal/services/metricsservice/metric_service.go:93.2,94.16 2 0
github.com/AlexBlackNn/metrics/internal/services/metricsservice/metric_service.go:94.16,97.3 2 0
github.com/AlexBlackNn/metrics/internal/services/metricsservice/metric_service.go:98.2,99.12 2 0
github.com/AlexBlackNn/metrics/internal/services/metricsservice/metric_service.go:103.110,114.36 4 0
github.com/AlexBlackNn/metrics/internal/services/metricsservice/metric_service.go:114.36,116.96 1 0
github.com/AlexBlackNn/metrics/internal/services/metricsservice/metric_service.go:116.96,118.18 2 0
github.com/AlexBlackNn/metrics/internal/services/metricsservice/metric_service.go:118.18,121.5 2 0
github.com/AlexBlackNn/metrics/internal/services/metricsservice/metric_service.go:124.9,124.46 1 0
github.com/AlexBlackNn/metrics/internal/services/metricsservice/metric_service.go:124.46,127.18 2 0
github.com/AlexBlackNn/metrics/internal/services/metricsservice/metric_service.go:127.18,128.51 1 0
github.com/AlexBlackNn/metrics/internal/services/metricsservice/metric_service.go:128.51,131.6 2 0
github.com/AlexBlackNn/metrics/internal/services/metricsservice/metric_service.go:133.4,133.49 1 0
github.com/AlexBlackNn/metrics/internal/services/metricsservice/metric_service.go:133.49,136.13 3 0
github.com/AlexBlackNn/metrics/internal/services/metricsservice/metric_service.go:139.4,140.18 2 0
github.com/AlexBlackNn/metrics/internal/services/metricsservice/metric_service.go:140.18,143.5 2 0
github.com/AlexBlackNn/metrics/internal/services/metricsservice/metric_service.go:145.3,145.53 1 0
github.com/AlexBlackNn/metrics/internal/services/metricsservice/metric_service.go:148.2,149.16 2 0
github.com/AlexBlackNn/metrics/internal/services/metricsservice/metric_service.go:149.16,152.3 2 0
github.com/AlexBlackNn/metrics/internal/services/metricsservice/metric_service.go:153.2,154.12 2 0
github.com/AlexBlackNn/metrics/internal/services/metricsservice/metric_service.go:158.122,164.16 4 0
github.com/AlexBlackNn/metrics/internal/services/metricsservice/metric_service.go:164.16,165.48 1 0
github.com/AlexBlackNn/metrics/internal/services/metricsservice/metric_service.go:165.48,167.4 1 0
github.com/AlexBlackNn/metrics/internal/services/metricsservice/metric_service.go:168.3,169.35 2 0
github.com/AlexBlackNn/metrics/internal/services/metricsservice/metric_service.go:171.2,172.20 2 0
github.com/AlexBlackNn/metrics/internal/services/metricsservice/metric_service.go:176.92,184.16 4 0
github.com/AlexBlackNn/metrics/internal/services/metricsservice/metric_service.go:184.16,186.48 2 0
github.com/AlexBlackNn/metrics/internal/services/metricsservice/metric_service.go:186.48,188.4 1 0
github.com/AlexBlackNn/metrics/internal/services/metricsservice/metric_service.go:189.3,189.38 1 0
github.com/AlexBlackNn/metrics/internal/services/metricsservice/metric_service.go:191.2,192.21 2 0
github.com/AlexBlackNn/metrics/internal/services/metricsservice/metric_service.go:196.65,203.2 4 0
github.com/AlexBlackNn/metrics/pkg/storage/memstorage/database.go:10.54,15.60 2 0
github.com/AlexBlackNn/metrics/pkg/storage/memstorage/database.go:15.60,17.3 1 0
github.com/AlexBlackNn/metrics/pkg/storage/memstorage/database.go:18.2,18.33 1 0
github.com/AlexBlackNn/metrics/pkg/storage/memstorage/database.go:18.33,21.17 3 0
github.com/AlexBlackNn/metrics/pkg/storage/memstorage/database.go:21.17,23.4 1 0
github.com/AlexBlackNn/metrics/pkg/storage/memstorage/database.go:24.3,24.25 1 0
github.com/AlexBlackNn/metrics/pkg/storage/memstorage/database.go:26.2,26.12 1 0
github.com/AlexBlackNn/metrics/pkg/storage/memstorage/gob_state_manager.go:16.13,22.2 4 1
github.com/AlexBlackNn/metrics/pkg/storage/memstorage/gob_state_manager.go:33.74,43.2 1 0
github.com/AlexBlackNn/metrics/pkg/storage/memstorage/gob_state_manager.go:46.76,56.2 1 0
github.com/AlexBlackNn/metrics/pkg/storage/memstorage/gob_state_manager.go:58.56,69.16 6 0
github.com/AlexBlackNn/metrics/pkg/storage/memstorage/gob_state_manager.go:69.16,71.3 1 0
github.com/AlexBlackNn/metrics/pkg/storage/memstorage/gob_state_manager.go:72.2,72.28 1 0
github.com/AlexBlackNn/metrics/pkg/storage/memstorage/gob_state_manager.go:72.28,74.17 2 0
github.com/AlexBlackNn/metrics/pkg/storage/memstorage/gob_state_manager.go:74.17,76.4 1 0
github.com/AlexBlackNn/metrics/pkg/storage/memstorage/gob_state_manager.go:78.2,81.61 4 0
github.com/AlexBlackNn/metrics/pkg/storage/memstorage/gob_state_manager.go:81.61,84.3 2 0
github.com/AlexBlackNn/metrics/pkg/storage/memstorage/gob_state_manager.go:85.2,86.16 2 0
github.com/AlexBlackNn/metrics/pkg/storage/memstorage/gob_state_manager.go:86.16,88.3 1 0
github.com/AlexBlackNn/metrics/pkg/storage/memstorage/gob_state_manager.go:89.2,89.12 1 0
github.com/AlexBlackNn/metrics/pkg/storage/memstorage/gob_state_manager.go:92.59,102.16 6 1
github.com/AlexBlackNn/metrics/pkg/storage/memstorage/gob_state_manager.go:102.16,104.3 1 0
github.com/AlexBlackNn/metrics/pkg/storage/memstorage/gob_state_manager.go:105.2,105.28 1 1
github.com/AlexBlackNn/metrics/pkg/storage/memstorage/gob_state_manager.go:105.28,107.17 2 1
github.com/AlexBlackNn/metrics/pkg/storage/memstorage/gob_state_manager.go:107.17,109.4 1 0
github.com/AlexBlackNn/metrics/pkg/storage/memstorage/gob_state_manager.go:112.2,117.48 4 1
github.com/AlexBlackNn/metrics/pkg/storage/memstorage/gob_state_manager.go:117.48,119.3 1 0
github.com/AlexBlackNn/metrics/pkg/storage/memstorage/gob_state_manager.go:120.2,120.32 1 1
github.com/AlexBlackNn/metrics/pkg/storage/memstorage/gob_state_manager.go:120.32,121.24 1 1
github.com/AlexBlackNn/metrics/pkg/storage/memstorage/gob_state_manager.go:122.30,123.17 1 1
github.com/AlexBlackNn/metrics/pkg/storage/memstorage/gob_state_manager.go:124.31,125.17 1 1
github.com/AlexBlackNn/metrics/pkg/storage/memstorage/gob_state_manager.go:126.11,127.37 1 0
github.com/AlexBlackNn/metrics/pkg/storage/memstorage/gob_state_manager.go:130.2,130.12 1 1
github.com/AlexBlackNn/metrics/pkg/storage/memstorage/json_state_manager.go:22.57,32.16 6 0
github.com/AlexBlackNn/metrics/pkg/storage/memstorage/json_state_manager.go:32.16,37.3 1 0
github.com/AlexBlackNn/metrics/pkg/storage/memstorage/json_state_manager.go:38.2,38.28 1 0
github.com/AlexBlackNn/metrics/pkg/storage/memstorage/json_state_manager.go:38.28,40.17 2 0
github.com/AlexBlackNn/metrics/pkg/storage/memstorage/json_state_manager.go:40.17,42.4 1 0
github.com/AlexBlackNn/metrics/pkg/storage/memstorage/json_state_manager.go:44.2,48.16 4 0
github.com/AlexBlackNn/metrics/pkg/storage/memstorage/json_state_manager.go:48.16,50.3 1 0
github.com/AlexBlackNn/metrics/pkg/storage/memstorage/json_state_manager.go:51.2,52.16 2 0
github.com/AlexBlackNn/metrics/pkg/storage/memstorage/json_state_manager.go:52.16,54.3 1 0
github.com/AlexBlackNn/metrics/pkg/storage/memstorage/json_state_manager.go:55.2,55.12 1 0
github.com/AlexBlackNn/metrics/pkg/storage/memstorage/json_state_manager.go:58.60,69.16 6 0
github.com/AlexBlackNn/metrics/pkg/storage/memstorage/json_state_manager.go:69.16,71.3 1 0
github.com/AlexBlackNn/metrics/pkg/storage/memstorage/json_state_manager.go:72.2,72.28 1 0
github.com/AlexBlackNn/metrics/pkg/storage/memstorage/json_state_manager.go:72.28,74.17 2 0
github.com/AlexBlackNn/metrics/pkg/storage/memstorage/json_state_manager.go:74.17,76.4 1 0
github.com/AlexBlackNn/metrics/pkg/storage/memstorage/json_state_manager.go:79.2,81.16 3 0
github.com/AlexBlackNn/metrics/pkg/storage/memstorage/json_state_manager.go:81.16,86.3 1 0
github.com/AlexBlackNn/metrics/pkg/storage/memstorage/json_state_manager.go:88.2,88.42 1 0
github.com/AlexBlackNn/metrics/pkg/storage/memstorage/mem_storage.go:29.75,41.12 4 1
github.com/AlexBlackNn/metrics/pkg/storage/memstorage/mem_storage.go:41.12,43.3 1 1
github.com/AlexBlackNn/metrics/pkg/storage/memstorage/mem_storage.go:45.2,45.23 1 1
github.com/AlexBlackNn/metrics/pkg/storage/memstorage/mem_storage.go:45.23,47.3 1 1
github.com/AlexBlackNn/metrics/pkg/storage/memstorage/mem_storage.go:48.2,48.25 1 1
github.com/AlexBlackNn/metrics/pkg/storage/memstorage/mem_storage.go:52.42,57.6 3 1
github.com/AlexBlackNn/metrics/pkg/storage/memstorage/mem_storage.go:57.6,58.37 1 1
github.com/AlexBlackNn/metrics/pkg/storage/memstorage/mem_storage.go:58.37,62.18 4 1
github.com/AlexBlackNn/metrics/pkg/storage/memstorage/mem_storage.go:62.18,64.5 1 0
github.com/AlexBlackNn/metrics/pkg/storage/memstorage/mem_storage.go:64.10,66.5 1 0
github.com/AlexBlackNn/metrics/pkg/storage/memstorage/mem_storage.go:67.9,71.18 4 0
github.com/AlexBlackNn/metrics/pkg/storage/memstorage/mem_storage.go:71.18,73.5 1 0
github.com/AlexBlackNn/metrics/pkg/storage/memstorage/mem_storage.go:73.10,75.5 1 0
github.com/AlexBlackNn/metrics/pkg/storage/memstorage/mem_storage.go:82.9,84.2 1 0
github.com/AlexBlackNn/metrics/pkg/storage/memstorage/mem_storage.go:90.9,91.9 1 0
github.com/AlexBlackNn/metrics/pkg/storage/memstorage/mem_storage.go:92.20,93.87 1 0
github.com/AlexBlackNn/metrics/pkg/storage/memstorage/mem_storage.go:94.10,98.38 4 0
github.com/AlexBlackNn/metrics/pkg/storage/memstorage/mem_storage.go:98.38,100.4 1 0
github.com/AlexBlackNn/metrics/pkg/storage/memstorage/mem_storage.go:101.3,101.13 1 0
github.com/AlexBlackNn/metrics/pkg/storage/memstorage/mem_storage.go:109.32,110.9 1 0
github.com/AlexBlackNn/metrics/pkg/storage/memstorage/mem_storage.go:111.20,112.92 1 0
github.com/AlexBlackNn/metrics/pkg/storage/memstorage/mem_storage.go:113.10,117.10 4 0
github.com/AlexBlackNn/metrics/pkg/storage/memstorage/mem_storage.go:117.10,122.4 1 0
github.com/AlexBlackNn/metrics/pkg/storage/memstorage/mem_storage.go:123.3,123.21 1 0
github.com/AlexBlackNn/metrics/pkg/storage/memstorage/mem_storage.go:130.9,131.9 1 0
github.com/AlexBlackNn/metrics/pkg/storage/memstorage/mem_storage.go:132.20,133.87 1 0
github.com/AlexBlackNn/metrics/pkg/storage/memstorage/mem_storage.go:134.10,137.37 3 0
github.com/AlexBlackNn/metrics/pkg/storage/memstorage/mem_storage.go:137.37,139.4 1 0
github.com/AlexBlackNn/metrics/pkg/storage/memstorage/mem_storage.go:140.3,140.13 1 0
github.com/AlexBlackNn/metrics/pkg/storage/memstorage/mem_storage.go:147.34,148.9 1 0
github.com/AlexBlackNn/metrics/pkg/storage/memstorage/mem_storage.go:149.20,150.92 1 0
github.com/AlexBlackNn/metrics/pkg/storage/memstorage/mem_storage.go:151.10,153.22 2 0
github.com/AlexBlackNn/metrics/pkg/storage/memstorage/mem_storage.go:153.22,158.4 1 0
github.com/AlexBlackNn/metrics/pkg/storage/memstorage/mem_storage.go:159.3,161.35 3 0
github.com/AlexBlackNn/metrics/pkg/storage/memstorage/mem_storage.go:161.35,163.4 1 0
github.com/AlexBlackNn/metrics/pkg/storage/memstorage/mem_storage.go:164.3,164.22 1 0
github.com/AlexBlackNn/metrics/pkg/storage/memstorage/temp_metric.go:16.39,18.2 1 0
github.com/AlexBlackNn/metrics/pkg/storage/memstorage/temp_metric.go:20.39,22.2 1 0
github.com/AlexBlackNn/metrics/pkg/storage/memstorage/temp_metric.go:24.37,26.2 1 0
github.com/AlexBlackNn/metrics/pkg/storage/memstorage/temp_metric.go:28.46,29.21 1 0
github.com/AlexBlackNn/metrics/pkg/storage/memstorage/temp_metric.go:30.38,31.46 1 0
github.com/AlexBlackNn/metrics/pkg/storage/memstorage/temp_metric.go:31.46,33.4 1 0
github.com/AlexBlackNn/metrics/pkg/storage/memstorage/temp_metric.go:34.3,34.44 1 0
github.com/AlexBlackNn/metrics/pkg/storage/memstorage/temp_metric.go:34.44,36.4 1 0
github.com/AlexBlackNn/metrics/pkg/storage/memstorage/temp_metric.go:37.10,38.41 1 0
github.com/AlexBlackNn/metrics/pkg/storage/memstorage/temp_metric.go:40.2,40.11 1 0
github.com/AlexBlackNn/metrics/pkg/storage/mockstorage/mock_storage.go:27.73,31.2 3 0
github.com/AlexBlackNn/metrics/pkg/storage/mockstorage/mock_storage.go:34.71,36.2 1 0
github.com/AlexBlackNn/metrics/pkg/storage/mockstorage/mock_storage.go:39.97,45.2 5 0
github.com/AlexBlackNn/metrics/pkg/storage/mockstorage/mock_storage.go:48.88,51.2 2 0
github.com/AlexBlackNn/metrics/pkg/storage/mockstorage/mock_storage.go:54.117,60.2 5 0
github.com/AlexBlackNn/metrics/pkg/storage/mockstorage/mock_storage.go:63.90,66.2 2 0
github.com/AlexBlackNn/metrics/pkg/storage/mockstorage/mock_storage.go:69.97,74.2 4 0
github.com/AlexBlackNn/metrics/pkg/storage/mockstorage/mock_storage.go:77.93,80.2 2 0
github.com/AlexBlackNn/metrics/pkg/storage/mockstorage/mock_storage.go:83.116,88.2 4 0
github.com/AlexBlackNn/metrics/pkg/storage/mockstorage/mock_storage.go:91.101,94.2 2 0
github.com/AlexBlackNn/metrics/pkg/storage/mockstorage/mock_storage.go:108.71,112.2 3 0
github.com/AlexBlackNn/metrics/pkg/storage/mockstorage/mock_storage.go:115.69,117.2 1 0
github.com/AlexBlackNn/metrics/pkg/storage/mockstorage/mock_storage.go:120.69,125.2 4 0
github.com/AlexBlackNn/metrics/pkg/storage/mockstorage/mock_storage.go:128.85,131.2 2 0
github.com/AlexBlackNn/metrics/pkg/storage/postgres/postgres.go:25.44,27.2 1 0
github.com/AlexBlackNn/metrics/pkg/storage/postgres/postgres.go:30.76,32.16 2 0
github.com/AlexBlackNn/metrics/pkg/storage/postgres/postgres.go:32.16,38.3 2 0
github.com/AlexBlackNn/metrics/pkg/storage/postgres/postgres.go:39.2,39.55 1 0
github.com/AlexBlackNn/metrics/pkg/storage/postgres/postgres.go:43.36,45.2 1 0
github.com/AlexBlackNn/metrics/pkg/storage/postgres/postgres.go:51.9,54.16 3 0
github.com/AlexBlackNn/metrics/pkg/storage/postgres/postgres.go:54.16,59.3 1 0
github.com/AlexBlackNn/metrics/pkg/storage/postgres/postgres.go:61.2,64.16 2 0
github.com/AlexBlackNn/metrics/pkg/storage/postgres/postgres.go:64.16,69.3 1 0
github.com/AlexBlackNn/metrics/pkg/storage/postgres/postgres.go:70.2,70.12 1 0
github.com/AlexBlackNn/metrics/pkg/storage/postgres/postgres.go:77.9,79.16 2 0
github.com/AlexBlackNn/metrics/pkg/storage/postgres/postgres.go:79.16,84.3 1 0
github.com/AlexBlackNn/metrics/pkg/storage/postgres/postgres.go:85.2,85.25 1 0
github.com/AlexBlackNn/metrics/pkg/storage/postgres/postgres.go:85.25,87.3 1 0
github.com/AlexBlackNn/metrics/pkg/storage/postgres/postgres.go:89.2,95.46 5 0
github.com/AlexBlackNn/metrics/pkg/storage/postgres/postgres.go:95.46,97.17 2 0
github.com/AlexBlackNn/metrics/pkg/storage/postgres/postgres.go:97.17,102.4 1 0
github.com/AlexBlackNn/metrics/pkg/storage/postgres/postgres.go:103.3,103.28 1 0
github.com/AlexBlackNn/metrics/pkg/storage/postgres/postgres.go:109.2,109.15 1 0
github.com/AlexBlackNn/metrics/pkg/storage/postgres/postgres.go:109.15,110.46 1 0
github.com/AlexBlackNn/metrics/pkg/storage/postgres/postgres.go:110.46,112.4 1 0
github.com/AlexBlackNn/metrics/pkg/storage/postgres/postgres.go:115.2,115.36 1 0
github.com/AlexBlackNn/metrics/pkg/storage/postgres/postgres.go:115.36,119.17 2 0
github.com/AlexBlackNn/metrics/pkg/storage/postgres/postgres.go:119.17,124.4 1 0
github.com/AlexBlackNn/metrics/pkg/storage/postgres/postgres.go:126.2,126.20 1 0
github.com/AlexBlackNn/metrics/pkg/storage/postgres/postgres.go:133.32,137.16 3 0
github.com/AlexBlackNn/metrics/pkg/storage/postgres/postgres.go:137.16,139.3 1 0
github.com/AlexBlackNn/metrics/pkg/storage/postgres/postgres.go:141.2,149.16 4 0
github.com/AlexBlackNn/metrics/pkg/storage/postgres/postgres.go:149.16,150.36 1 0
github.com/AlexBlackNn/metrics/pkg/storage/postgres/postgres.go:150.36,155.4 1 0
github.com/AlexBlackNn/metrics/pkg/storage/postgres/postgres.go:156.3,159.4 1 0
github.com/AlexBlackNn/metrics/pkg/storage/postgres/postgres.go:161.2,166.16 2 0
github.com/AlexBlackNn/metrics/pkg/storage/postgres/postgres.go:166.16,171.3 1 0
github.com/AlexBlackNn/metrics/pkg/storage/postgres/postgres.go:172.2,172.22 1 0
github.com/AlexBlackNn/metrics/pkg/storage/postgres/postgres.go:178.34,184.16 4 0
github.com/AlexBlackNn/metrics/pkg/storage/postgres/postgres.go:184.16,186.3 1 0
github.com/AlexBlackNn/metrics/pkg/storage/postgres/postgres.go:188.2,192.16 2 0
github.com/AlexBlackNn/metrics/pkg/storage/postgres/postgres.go:192.16,197.3 1 0
github.com/AlexBlackNn/metrics/pkg/storage/postgres/postgres.go:198.2,198.29 1 0
github.com/AlexBlackNn/metrics/pkg/storage/postgres/postgres.go:198.29,200.3 1 0
github.com/AlexBlackNn/metrics/pkg/storage/postgres/postgres.go:202.2,202.18 1 0
github.com/AlexBlackNn/metrics/pkg/storage/postgres/postgres.go:202.18,205.17 3 0
github.com/AlexBlackNn/metrics/pkg/storage/postgres/postgres.go:205.17,210.4 1 0
github.com/AlexBlackNn/metrics/pkg/storage/postgres/postgres.go:212.3,217.17 2 0
github.com/AlexBlackNn/metrics/pkg/storage/postgres/postgres.go:217.17,222.4 1 0
github.com/AlexBlackNn/metrics/pkg/storage/postgres/postgres.go:223.3,223.38 1 0
github.com/AlexBlackNn/metrics/pkg/storage/postgres/postgres.go:225.2,226.16 2 0
github.com/AlexBlackNn/metrics/pkg/storage/postgres/postgres.go:226.16,231.3 1 0
github.com/AlexBlackNn/metrics/pkg/storage/postgres/postgres.go:232.2,232.21 1 0
github.com/AlexBlackNn/metrics/pkg/storage/postgres/postgres.go:238.9,240.16 2 0
github.com/AlexBlackNn/metrics/pkg/storage/postgres/postgres.go:240.16,245.3 1 0
github.com/AlexBlackNn/metrics/pkg/storage/postgres/postgres.go:246.2,246.12 1 0
github.com/AlexBlackNn/metrics/pkg/storage/postgres/sql.go:7.25,76.2 5 0
github.com/AlexBlackNn/metrics/pkg/storage/postgres/temp_metric.go:17.39,19.2 1 0
github.com/AlexBlackNn/metrics/pkg/storage/postgres/temp_metric.go:21.39,23.2 1 0
github.com/AlexBlackNn/metrics/pkg/storage/postgres/temp_metric.go:25.37,27.2 1 0
github.com/AlexBlackNn/metrics/pkg/storage/postgres/temp_metric.go:29.46,30.21 1 0
github.com/AlexBlackNn/metrics/pkg/storage/postgres/temp_metric.go:31.38,32.46 1 0
github.com/AlexBlackNn/metrics/pkg/storage/postgres/temp_metric.go:32.46,34.4 1 0
github.com/AlexBlackNn/metrics/pkg/storage/postgres/temp_metric.go:35.3,35.44 1 0
github.com/AlexBlackNn/metrics/pkg/storage/postgres/temp_metric.go:35.44,37.4 1 0
github.com/AlexBlackNn/metrics/pkg/storage/postgres/temp_metric.go:38.10,39.41 1 0
github.com/AlexBlackNn/metrics/pkg/storage/postgres/temp_metric.go:41.2,41.11 1 0
